This is pdfTeX, Version 3.14159265-2.6-1.40.18 (TeX Live 2017/Debian) (preloaded format=pdflatex 2018.10.12)  17 DEC 2018 20:36
entering extended mode
 restricted \write18 enabled.
 %&-line parsing enabled.
**tese.tex
(./tese.tex
LaTeX2e <2017-04-15>
Babel <3.18> and hyphenation patterns for 4 language(s) loaded.
(/usr/share/texlive/texmf-dist/tex/latex/base/book.cls
Document Class: book 2014/09/29 v1.4h Standard LaTeX document class
(/usr/share/texlive/texmf-dist/tex/latex/base/bk11.clo
File: bk11.clo 2014/09/29 v1.4h Standard LaTeX file (size option)
)
\c@part=\count79
\c@chapter=\count80
\c@section=\count81
\c@subsection=\count82
\c@subsubsection=\count83
\c@paragraph=\count84
\c@subparagraph=\count85
\c@figure=\count86
\c@table=\count87
\abovecaptionskip=\skip41
\belowcaptionskip=\skip42
\bibindent=\dimen102
)
(/usr/share/texlive/texmf-dist/tex/latex/base/fontenc.sty
Package: fontenc 2017/04/05 v2.0i Standard LaTeX package

(/usr/share/texlive/texmf-dist/tex/latex/base/t1enc.def
File: t1enc.def 2017/04/05 v2.0i Standard LaTeX file
LaTeX Font Info:    Redeclaring font encoding T1 on input line 48.
))
(/usr/share/texlive/texmf-dist/tex/generic/babel/babel.sty
Package: babel 2018/02/14 3.18 The Babel package

(/usr/share/texlive/texmf-dist/tex/generic/babel/switch.def
File: switch.def 2018/02/14 3.18 Babel switching mechanism
)
(/usr/share/texlive/texmf-dist/tex/generic/babel-portuges/portuges.ldf
Language: portuges 2008/03/18 v1.2q Portuguese support from the babel system

(/usr/share/texlive/texmf-dist/tex/generic/babel/babel.def
File: babel.def 2018/02/14 3.18 Babel common definitions
\babel@savecnt=\count88
\U@D=\dimen103

(/usr/share/texlive/texmf-dist/tex/generic/babel/txtbabel.def)
\bbl@dirlevel=\count89
)
\l@brazil = a dialect from \language\l@portuges 
Package babel Info: Making " an active character on input line 145.
))
(/usr/share/texlive/texmf-dist/tex/latex/base/inputenc.sty
Package: inputenc 2015/03/17 v1.2c Input encoding file
\inpenc@prehook=\toks14
\inpenc@posthook=\toks15

(/usr/share/texlive/texmf-dist/tex/latex/base/latin1.def
File: latin1.def 2015/03/17 v1.2c Input encoding file
))
(/usr/share/texlive/texmf-dist/tex/latex/graphics/graphicx.sty
Package: graphicx 2017/06/01 v1.1a Enhanced LaTeX Graphics (DPC,SPQR)

(/usr/share/texlive/texmf-dist/tex/latex/graphics/keyval.sty
Package: keyval 2014/10/28 v1.15 key=value parser (DPC)
\KV@toks@=\toks16
)
(/usr/share/texlive/texmf-dist/tex/latex/graphics/graphics.sty
Package: graphics 2017/06/25 v1.2c Standard LaTeX Graphics (DPC,SPQR)

(/usr/share/texlive/texmf-dist/tex/latex/graphics/trig.sty
Package: trig 2016/01/03 v1.10 sin cos tan (DPC)
)
(/usr/share/texlive/texmf-dist/tex/latex/graphics-cfg/graphics.cfg
File: graphics.cfg 2016/06/04 v1.11 sample graphics configuration
)
Package graphics Info: Driver file: pdftex.def on input line 99.

(/usr/share/texlive/texmf-dist/tex/latex/graphics-def/pdftex.def
File: pdftex.def 2018/01/08 v1.0l Graphics/color driver for pdftex
))
\Gin@req@height=\dimen104
\Gin@req@width=\dimen105
)
(/usr/share/texlive/texmf-dist/tex/latex/setspace/setspace.sty
Package: setspace 2011/12/19 v6.7a set line spacing
)
(/usr/share/texlive/texmf-dist/tex/latex/tools/indentfirst.sty
Package: indentfirst 1995/11/23 v1.03 Indent first paragraph (DPC)
)
(/usr/share/texlive/texmf-dist/tex/latex/base/makeidx.sty
Package: makeidx 2014/09/29 v1.0m Standard LaTeX package
)
(/usr/share/texlive/texmf-dist/tex/latex/tocbibind/tocbibind.sty
Package: tocbibind 2010/10/13 v1.5k extra ToC listings
Package tocbibind Info: The document has chapter divisions on input line 50.


Package tocbibind Note: Using chapter style headings, unless overridden.

) (/usr/share/texlive/texmf-dist/tex/latex/psnfss/courier.sty
Package: courier 2005/04/12 PSNFSS-v9.2a (WaS) 
)
(/usr/share/texlive/texmf-dist/tex/latex/type1cm/type1cm.sty
Package: type1cm 2002/09/05 v0.04 BlueSky/Y&Y Type1 CM font definitions (DPC, p
atched RF)
)
(/usr/share/texlive/texmf-dist/tex/latex/listings/listings.sty
\lst@mode=\count90
\lst@gtempboxa=\box26
\lst@token=\toks17
\lst@length=\count91
\lst@currlwidth=\dimen106
\lst@column=\count92
\lst@pos=\count93
\lst@lostspace=\dimen107
\lst@width=\dimen108
\lst@newlines=\count94
\lst@lineno=\count95
\lst@maxwidth=\dimen109

(/usr/share/texlive/texmf-dist/tex/latex/listings/lstmisc.sty
File: lstmisc.sty 2015/06/04 1.6 (Carsten Heinz)
\c@lstnumber=\count96
\lst@skipnumbers=\count97
\lst@framebox=\box27
)
(/usr/share/texlive/texmf-dist/tex/latex/listings/listings.cfg
File: listings.cfg 2015/06/04 1.6 listings configuration
))
Package: listings 2015/06/04 1.6 (Carsten Heinz)

(/usr/share/texlive/texmf-dist/tex/latex/titlesec/titletoc.sty
Package: titletoc 2011/12/15 v1.6 TOC entries
\ttl@leftsep=\dimen110
)
(/usr/share/texlive/texmf-dist/tex/latex/babelbib/babelbib.sty
Package: babelbib 2012/01/03 v1.31 babelbib: multilingual bibliographies (HH)
\c@btxromaniannumeral=\count98
)
(/usr/share/texlive/texmf-dist/tex/latex/caption/caption.sty
Package: caption 2016/02/21 v3.3-144 Customizing captions (AR)

(/usr/share/texlive/texmf-dist/tex/latex/caption/caption3.sty
Package: caption3 2016/05/22 v1.7-166 caption3 kernel (AR)
Package caption3 Info: TeX engine: e-TeX on input line 67.
\captionmargin=\dimen111
\captionmargin@=\dimen112
\captionwidth=\dimen113
\caption@tempdima=\dimen114
\caption@indent=\dimen115
\caption@parindent=\dimen116
\caption@hangindent=\dimen117
)
\c@ContinuedFloat=\count99
Package caption Info: listings package is loaded.
)
(/usr/share/texlive/texmf-dist/tex/latex/xcolor/xcolor.sty
Package: xcolor 2016/05/11 v2.12 LaTeX color extensions (UK)

(/usr/share/texlive/texmf-dist/tex/latex/graphics-cfg/color.cfg
File: color.cfg 2016/01/02 v1.6 sample color configuration
)
Package xcolor Info: Package option `usenames' ignored on input line 216.
Package xcolor Info: Driver file: pdftex.def on input line 225.
Package xcolor Info: Model `cmy' substituted by `cmy0' on input line 1348.
Package xcolor Info: Model `hsb' substituted by `rgb' on input line 1352.
Package xcolor Info: Model `RGB' extended on input line 1364.
Package xcolor Info: Model `HTML' substituted by `rgb' on input line 1366.
Package xcolor Info: Model `Hsb' substituted by `hsb' on input line 1367.
Package xcolor Info: Model `tHsb' substituted by `hsb' on input line 1368.
Package xcolor Info: Model `HSB' substituted by `hsb' on input line 1369.
Package xcolor Info: Model `Gray' substituted by `gray' on input line 1370.
Package xcolor Info: Model `wave' substituted by `hsb' on input line 1371.

(/usr/share/texlive/texmf-dist/tex/latex/graphics/dvipsnam.def
File: dvipsnam.def 2016/06/17 v3.0m Driver-dependent file (DPC,SPQR)
)
(/usr/share/texlive/texmf-dist/tex/latex/xcolor/svgnam.def
File: svgnam.def 2016/05/11 v2.12 Predefined colors according to SVG 1.1 (UK)
))
(/usr/share/texlive/texmf-dist/tex/latex/soul/soul.sty
Package: soul 2003/11/17 v2.4 letterspacing/underlining (mf)
\SOUL@word=\toks18
\SOUL@lasttoken=\toks19
\SOUL@cmds=\toks20
\SOUL@buffer=\toks21
\SOUL@token=\toks22
\SOUL@spaceskip=\skip43
\SOUL@ttwidth=\dimen118
\SOUL@uldp=\dimen119
\SOUL@ulht=\dimen120
)
(/usr/share/texlive/texmf-dist/tex/latex/geometry/geometry.sty
Package: geometry 2010/09/12 v5.6 Page Geometry

(/usr/share/texlive/texmf-dist/tex/generic/oberdiek/ifpdf.sty
Package: ifpdf 2017/03/15 v3.2 Provides the ifpdf switch
)
(/usr/share/texlive/texmf-dist/tex/generic/oberdiek/ifvtex.sty
Package: ifvtex 2016/05/16 v1.6 Detect VTeX and its facilities (HO)
Package ifvtex Info: VTeX not detected.
)
(/usr/share/texlive/texmf-dist/tex/generic/ifxetex/ifxetex.sty
Package: ifxetex 2010/09/12 v0.6 Provides ifxetex conditional
)
\Gm@cnth=\count100
\Gm@cntv=\count101
\c@Gm@tempcnt=\count102
\Gm@bindingoffset=\dimen121
\Gm@wd@mp=\dimen122
\Gm@odd@mp=\dimen123
\Gm@even@mp=\dimen124
\Gm@layoutwidth=\dimen125
\Gm@layoutheight=\dimen126
\Gm@layouthoffset=\dimen127
\Gm@layoutvoffset=\dimen128
\Gm@dimlist=\toks23
)
(/usr/share/texlive/texmf-dist/tex/latex/hyperref/hyperref.sty
Package: hyperref 2018/02/06 v6.86b Hypertext links for LaTeX

(/usr/share/texlive/texmf-dist/tex/generic/oberdiek/hobsub-hyperref.sty
Package: hobsub-hyperref 2016/05/16 v1.14 Bundle oberdiek, subset hyperref (HO)


(/usr/share/texlive/texmf-dist/tex/generic/oberdiek/hobsub-generic.sty
Package: hobsub-generic 2016/05/16 v1.14 Bundle oberdiek, subset generic (HO)
Package: hobsub 2016/05/16 v1.14 Construct package bundles (HO)
Package: infwarerr 2016/05/16 v1.4 Providing info/warning/error messages (HO)
Package: ltxcmds 2016/05/16 v1.23 LaTeX kernel commands for general use (HO)
Package: ifluatex 2016/05/16 v1.4 Provides the ifluatex switch (HO)
Package ifluatex Info: LuaTeX not detected.
Package hobsub Info: Skipping package `ifvtex' (already loaded).
Package: intcalc 2016/05/16 v1.2 Expandable calculations with integers (HO)
Package hobsub Info: Skipping package `ifpdf' (already loaded).
Package: etexcmds 2016/05/16 v1.6 Avoid name clashes with e-TeX commands (HO)
Package etexcmds Info: Could not find \expanded.
(etexcmds)             That can mean that you are not using pdfTeX 1.50 or
(etexcmds)             that some package has redefined \expanded.
(etexcmds)             In the latter case, load this package earlier.
Package: kvsetkeys 2016/05/16 v1.17 Key value parser (HO)
Package: kvdefinekeys 2016/05/16 v1.4 Define keys (HO)
Package: pdftexcmds 2018/01/21 v0.26 Utility functions of pdfTeX for LuaTeX (HO
)
Package pdftexcmds Info: LuaTeX not detected.
Package pdftexcmds Info: \pdf@primitive is available.
Package pdftexcmds Info: \pdf@ifprimitive is available.
Package pdftexcmds Info: \pdfdraftmode found.
Package: pdfescape 2016/05/16 v1.14 Implements pdfTeX's escape features (HO)
Package: bigintcalc 2016/05/16 v1.4 Expandable calculations on big integers (HO
)
Package: bitset 2016/05/16 v1.2 Handle bit-vector datatype (HO)
Package: uniquecounter 2016/05/16 v1.3 Provide unlimited unique counter (HO)
)
Package hobsub Info: Skipping package `hobsub' (already loaded).
Package: letltxmacro 2016/05/16 v1.5 Let assignment for LaTeX macros (HO)
Package: hopatch 2016/05/16 v1.3 Wrapper for package hooks (HO)
Package: xcolor-patch 2016/05/16 xcolor patch
Package: atveryend 2016/05/16 v1.9 Hooks at the very end of document (HO)
Package atveryend Info: \enddocument detected (standard20110627).
Package: atbegshi 2016/06/09 v1.18 At begin shipout hook (HO)
Package: refcount 2016/05/16 v3.5 Data extraction from label references (HO)
Package: hycolor 2016/05/16 v1.8 Color options for hyperref/bookmark (HO)
)
(/usr/share/texlive/texmf-dist/tex/latex/oberdiek/auxhook.sty
Package: auxhook 2016/05/16 v1.4 Hooks for auxiliary files (HO)
)
(/usr/share/texlive/texmf-dist/tex/latex/oberdiek/kvoptions.sty
Package: kvoptions 2016/05/16 v3.12 Key value format for package options (HO)
)
\@linkdim=\dimen129
\Hy@linkcounter=\count103
\Hy@pagecounter=\count104

(/usr/share/texlive/texmf-dist/tex/latex/hyperref/pd1enc.def
File: pd1enc.def 2018/02/06 v6.86b Hyperref: PDFDocEncoding definition (HO)
)
\Hy@SavedSpaceFactor=\count105

(/usr/share/texlive/texmf-dist/tex/latex/latexconfig/hyperref.cfg
File: hyperref.cfg 2002/06/06 v1.2 hyperref configuration of TeXLive
)
Package hyperref Info: Option `plainpages' set `false' on input line 4383.
Package hyperref Info: Option `pdfpagelabels' set `true' on input line 4383.
Package hyperref Info: Option `colorlinks' set `true' on input line 4383.
Package hyperref Info: Option `bookmarksopen' set `true' on input line 4383.
Package hyperref Info: Hyper figures OFF on input line 4509.
Package hyperref Info: Link nesting OFF on input line 4514.
Package hyperref Info: Hyper index ON on input line 4517.
Package hyperref Info: Plain pages OFF on input line 4524.
Package hyperref Info: Backreferencing ON on input line 4527.
Package hyperref Info: Implicit mode ON; LaTeX internals redefined.
Package hyperref Info: Bookmarks ON on input line 4762.

(/usr/share/texlive/texmf-dist/tex/latex/hyperref/backref.sty
Package: backref 2016/05/21 v1.39 Bibliographical back referencing

(/usr/share/texlive/texmf-dist/tex/latex/oberdiek/rerunfilecheck.sty
Package: rerunfilecheck 2016/05/16 v1.8 Rerun checks for auxiliary files (HO)
Package uniquecounter Info: New unique counter `rerunfilecheck' on input line 2
82.
))
\c@Hy@tempcnt=\count106

(/usr/share/texlive/texmf-dist/tex/latex/url/url.sty
\Urlmuskip=\muskip10
Package: url 2013/09/16  ver 3.4  Verb mode for urls, etc.
)
LaTeX Info: Redefining \url on input line 5115.
\XeTeXLinkMargin=\dimen130
\Fld@menulength=\count107
\Field@Width=\dimen131
\Fld@charsize=\dimen132
Package hyperref Info: Hyper figures OFF on input line 6369.
Package hyperref Info: Link nesting OFF on input line 6374.
Package hyperref Info: Hyper index ON on input line 6377.
Package hyperref Info: backreferencing ON on input line 6382.
Package hyperref Info: Link coloring ON on input line 6387.
Package hyperref Info: Link coloring with OCG OFF on input line 6394.
Package hyperref Info: PDF/A mode OFF on input line 6399.
LaTeX Info: Redefining \ref on input line 6439.
LaTeX Info: Redefining \pageref on input line 6443.
\Hy@abspage=\count108
\c@Item=\count109
\c@Hfootnote=\count110
)
Package hyperref Info: Driver: hpdftex.

(/usr/share/texlive/texmf-dist/tex/latex/hyperref/hpdftex.def
File: hpdftex.def 2018/02/06 v6.86b Hyperref driver for pdfTeX
\Fld@listcount=\count111
\c@bookmark@seq@number=\count112
\Hy@SectionHShift=\skip44
)
(/usr/share/texlive/texmf-dist/tex/latex/oberdiek/hypcap.sty
Package: hypcap 2016/05/16 v1.12 Adjusting the anchors of captions (HO)
)
(/usr/share/texlive/texmf-dist/tex/latex/natbib/natbib.sty
Package: natbib 2010/09/13 8.31b (PWD, AO)
\bibhang=\skip45
\bibsep=\skip46
LaTeX Info: Redefining \cite on input line 694.
\c@NAT@ctr=\count113
)
(/usr/share/texlive/texmf-dist/tex/latex/tools/bm.sty
Package: bm 2017/01/16 v1.2c Bold Symbol Support (DPC/FMi)
\symboldoperators=\mathgroup4
\symboldletters=\mathgroup5
\symboldsymbols=\mathgroup6
LaTeX Font Info:    Redeclaring math alphabet \mathbf on input line 141.
LaTeX Info: Redefining \bm on input line 207.
)
(/usr/share/texlive/texmf-dist/tex/latex/epigraph/epigraph.sty
Package: epigraph 2009/09/02 v1.5c typesetting epigraphs
\beforeepigraphskip=\skip47
\afterepigraphskip=\skip48
\epigraphwidth=\skip49
\epigraphrule=\skip50
)
(/usr/share/texlive/texmf-dist/tex/latex/multirow/multirow.sty
Package: multirow 2016/11/25 v2.2 Span multiple rows of a table
\multirow@colwidth=\skip51
\multirow@cntb=\count114
\multirow@dima=\skip52
\bigstrutjot=\dimen133
)
(/usr/share/texlive/texmf-dist/tex/latex/tools/array.sty
Package: array 2016/10/06 v2.4d Tabular extension package (FMi)
\col@sep=\dimen134
\extrarowheight=\dimen135
\NC@list=\toks24
\extratabsurround=\skip53
\backup@length=\skip54
)
(/usr/share/texlive/texmf-dist/tex/latex/fancyhdr/fancyhdr.sty
Package: fancyhdr 2017/06/30 v3.9a Extensive control of page headers and footer
s
\f@nch@headwidth=\skip55
\f@nch@O@elh=\skip56
\f@nch@O@erh=\skip57
\f@nch@O@olh=\skip58
\f@nch@O@orh=\skip59
\f@nch@O@elf=\skip60
\f@nch@O@erf=\skip61
\f@nch@O@olf=\skip62
\f@nch@O@orf=\skip63
)
\@indexfile=\write3
\openout3 = `tese.idx'.


Writing index file tese.idx
(/usr/share/texlive/texmf-dist/tex/latex/listings/lstlang1.sty
File: lstlang1.sty 2015/06/04 1.6 listings language file
) (./tese.aux)
\openout1 = `tese.aux'.

LaTeX Font Info:    Checking defaults for OML/cmm/m/it on input line 97.
LaTeX Font Info:    ... okay on input line 97.
LaTeX Font Info:    Checking defaults for T1/cmr/m/n on input line 97.
LaTeX Font Info:    ... okay on input line 97.
LaTeX Font Info:    Checking defaults for OT1/cmr/m/n on input line 97.
LaTeX Font Info:    ... okay on input line 97.
LaTeX Font Info:    Checking defaults for OMS/cmsy/m/n on input line 97.
LaTeX Font Info:    ... okay on input line 97.
LaTeX Font Info:    Checking defaults for OMX/cmex/m/n on input line 97.
LaTeX Font Info:    ... okay on input line 97.
LaTeX Font Info:    Checking defaults for U/cmr/m/n on input line 97.
LaTeX Font Info:    ... okay on input line 97.
LaTeX Font Info:    Checking defaults for PD1/pdf/m/n on input line 97.
LaTeX Font Info:    ... okay on input line 97.

(/usr/share/texlive/texmf-dist/tex/context/base/mkii/supp-pdf.mkii
[Loading MPS to PDF converter (version 2006.09.02).]
\scratchcounter=\count115
\scratchdimen=\dimen136
\scratchbox=\box28
\nofMPsegments=\count116
\nofMParguments=\count117
\everyMPshowfont=\toks25
\MPscratchCnt=\count118
\MPscratchDim=\dimen137
\MPnumerator=\count119
\makeMPintoPDFobject=\count120
\everyMPtoPDFconversion=\toks26
) (/usr/share/texlive/texmf-dist/tex/latex/oberdiek/epstopdf-base.sty
Package: epstopdf-base 2016/05/15 v2.6 Base part for package epstopdf

(/usr/share/texlive/texmf-dist/tex/latex/oberdiek/grfext.sty
Package: grfext 2016/05/16 v1.2 Manage graphics extensions (HO)
)
Package epstopdf-base Info: Redefining graphics rule for `.eps' on input line 4
38.
Package grfext Info: Graphics extension search list:
(grfext)             [.pdf,.png,.jpg,.mps,.jpeg,.jbig2,.jb2,.PDF,.PNG,.JPG,.JPE
G,.JBIG2,.JB2,.eps]
(grfext)             \AppendGraphicsExtensions on input line 456.

(/usr/share/texlive/texmf-dist/tex/latex/latexconfig/epstopdf-sys.cfg
File: epstopdf-sys.cfg 2010/07/13 v1.3 Configuration of (r)epstopdf for TeX Liv
e
))
\c@lstlisting=\count121

babelbib: Set bibliography fall-back language to brazil
(/usr/share/texlive/texmf-dist/tex/latex/babelbib/portuguese.bdf
File: portuguese.bdf 2012/01/03 v1.31 babelbib: multilingual bibliographies (HH
)

babelbib extension \btxifchangecaseoff added to \extrasbrazil
)
babelbib: Load BibTeX extensions \bibsbrazil for brazil
babelbib: Set language for keywords in the bibliography fixed to brazil
Package caption Info: Begin \AtBeginDocument code.
Package caption Info: hyperref package is loaded.
Package caption Info: hypcap package is loaded.
Package caption Info: End \AtBeginDocument code.
*geometry* driver: auto-detecting
*geometry* detected driver: pdftex
*geometry* verbose mode - [ preamble ] result:
* driver: pdftex
* paper: a4paper
* layout: <same size as paper>
* layoutoffset:(h,v)=(0.0pt,0.0pt)
* modes: twoside 
* h-part:(L,W,R)=(56.9055pt, 468.33257pt, 72.2698pt)
* v-part:(T,H,B)=(72.2698pt, 715.87154pt, 56.9055pt)
* \paperwidth=597.50787pt
* \paperheight=845.04684pt
* \textwidth=468.33257pt
* \textheight=715.87154pt
* \oddsidemargin=-15.36449pt
* \evensidemargin=-0.00018pt
* \topmargin=-31.87398pt
* \headheight=12.0pt
* \headsep=19.8738pt
* \topskip=11.0pt
* \footskip=27.46295pt
* \marginparwidth=106.0pt
* \marginparsep=7.0pt
* \columnsep=10.0pt
* \skip\footins=10.0pt plus 4.0pt minus 2.0pt
* \hoffset=0.0pt
* \voffset=0.0pt
* \mag=1000
* \@twocolumnfalse
* \@twosidetrue
* \@mparswitchtrue
* \@reversemarginfalse
* (1in=72.27pt=25.4mm, 1cm=28.453pt)

\AtBeginShipoutBox=\box29
Package backref Info: ** backref set up for natbib ** on input line 97.
Package hyperref Info: Link coloring ON on input line 97.
(/usr/share/texlive/texmf-dist/tex/latex/hyperref/nameref.sty
Package: nameref 2016/05/21 v2.44 Cross-referencing by name of section

(/usr/share/texlive/texmf-dist/tex/generic/oberdiek/gettitlestring.sty
Package: gettitlestring 2016/05/16 v1.5 Cleanup title references (HO)
)
\c@section@level=\count122
)
LaTeX Info: Redefining \ref on input line 97.
LaTeX Info: Redefining \pageref on input line 97.
LaTeX Info: Redefining \nameref on input line 97.

(./tese.out) (./tese.out)
\@outlinefile=\write4
\openout4 = `tese.out'.

Package babel Info: Redefining portuges shorthand "|
(babel)             in language  on input line 155.
Package babel Info: Redefining portuges shorthand "|
(babel)             in language  on input line 155.
 [1



{/var/lib/texmf/fonts/map/pdftex/updmap/pdftex.map}]
Package babel Info: Redefining portuges shorthand "|
(babel)             in language  on input line 172.
Package babel Info: Redefining portuges shorthand "|
(babel)             in language  on input line 172.
 [2]
Package babel Info: Redefining portuges shorthand "|
(babel)             in language  on input line 250.
Package babel Info: Redefining portuges shorthand "|
(babel)             in language  on input line 250.
pdfTeX warning (ext4): destination with the same identifier (name{page.i}) has 
been already used, duplicate ignored
<to be read again> 
                   \relax 
l.250 \chapter
              *{Resumo} [1

]
Package babel Info: Redefining portuges shorthand "|
(babel)             in language  on input line 250.
Package babel Info: Redefining portuges shorthand "|
(babel)             in language  on input line 250.
pdfTeX warning (ext4): destination with the same identifier (name{page.ii}) has
 been already used, duplicate ignored
<to be read again> 
                   \relax 
l.250 \chapter
              *{Resumo} [2

]
Underfull \hbox (badness 10000) in paragraph at lines 252--257

 []


Underfull \hbox (badness 10000) in paragraph at lines 258--275

 []

Package babel Info: Redefining portuges shorthand "|
(babel)             in language  on input line 280.
Package babel Info: Redefining portuges shorthand "|
(babel)             in language  on input line 280.
[3]
Package babel Info: Redefining portuges shorthand "|
(babel)             in language  on input line 280.
Package babel Info: Redefining portuges shorthand "|
(babel)             in language  on input line 280.
 [4

]
Underfull \hbox (badness 10000) in paragraph at lines 281--286

 []


Underfull \hbox (badness 10000) in paragraph at lines 288--299

 []

Package babel Info: Redefining portuges shorthand "|
(babel)             in language  on input line 303.
Package babel Info: Redefining portuges shorthand "|
(babel)             in language  on input line 303.
[5]
Package babel Info: Redefining portuges shorthand "|
(babel)             in language  on input line 303.
Package babel Info: Redefining portuges shorthand "|
(babel)             in language  on input line 303.
 [6

] (./tese.toc
Package babel Info: Redefining portuges shorthand "|
(babel)             in language  on input line 34.
Package babel Info: Redefining portuges shorthand "|
(babel)             in language  on input line 34.
 [7]
Package babel Info: Redefining portuges shorthand "|
(babel)             in language  on input line 81.
Package babel Info: Redefining portuges shorthand "|
(babel)             in language  on input line 81.
 [8])
\tf@toc=\write5
\openout5 = `tese.toc'.



Package Fancyhdr Warning: \headheight is too small (12.0pt): 
 Make it at least 13.59999pt.
 We now make it that large for the rest of the document.
 This may cause the page layout to be inconsistent, however.

Package babel Info: Redefining portuges shorthand "|
(babel)             in language  on input line 324.
Package babel Info: Redefining portuges shorthand "|
(babel)             in language  on input line 324.
[9]
Package babel Info: Redefining portuges shorthand "|
(babel)             in language  on input line 324.
Package babel Info: Redefining portuges shorthand "|
(babel)             in language  on input line 324.
 [10

]
Package babel Info: Redefining portuges shorthand "|
(babel)             in language  on input line 324.
 (./tese.lof
Package babel Info: Redefining portuges shorthand "|
(babel)             in language  on input line 16.
Package babel Info: Redefining portuges shorthand "|
(babel)             in language  on input line 16.
 [11]
Package babel Info: Redefining portuges shorthand "|
(babel)             in language  on input line 33.
Package babel Info: Redefining portuges shorthand "|
(babel)             in language  on input line 33.
 [12]
Package babel Info: Redefining portuges shorthand "|
(babel)             in language  on input line 52.
Package babel Info: Redefining portuges shorthand "|
(babel)             in language  on input line 52.
 [13]
Package babel Info: Redefining portuges shorthand "|
(babel)             in language  on input line 66.
Package babel Info: Redefining portuges shorthand "|
(babel)             in language  on input line 66.
 [14])
\tf@lof=\write6
\openout6 = `tese.lof'.

Package babel Info: Redefining portuges shorthand "|
(babel)             in language  on input line 325.
Package babel Info: Redefining portuges shorthand "|
(babel)             in language  on input line 325.
 [15]
Package babel Info: Redefining portuges shorthand "|
(babel)             in language  on input line 325.
Package babel Info: Redefining portuges shorthand "|
(babel)             in language  on input line 325.
 [16

]
Package babel Info: Redefining portuges shorthand "|
(babel)             in language  on input line 325.
 (./tese.lot)
\tf@lot=\write7
\openout7 = `tese.lot'.

Package babel Info: Redefining portuges shorthand "|
(babel)             in language  on input line 329.
Package babel Info: Redefining portuges shorthand "|
(babel)             in language  on input line 329.
 [17]
Package babel Info: Redefining portuges shorthand "|
(babel)             in language  on input line 329.
Package babel Info: Redefining portuges shorthand "|
(babel)             in language  on input line 329.
 [18

]
(./caps/cap-introducao.tex
Cap\'{\i }tulo 1.
Package babel Info: Redefining portuges shorthand "|
(babel)             in language  on input line 2.
LaTeX Font Info:    Font shape `OMS/cmr/m/n' in size <10.95> not available
(Font)              Font shape `OMS/cmsy/m/n' tried instead on input line 20.
Package babel Info: Redefining portuges shorthand "|
(babel)             in language  on input line 31.
Package babel Info: Redefining portuges shorthand "|
(babel)             in language  on input line 31.
[1

]
Overfull \hbox (1.71997pt too wide) in paragraph at lines 42--43
[][][][][][]\T1/cmr/m/n/10.95 , [][]1994[][], [][][]1996[][]) e mo-de-los para 
sé-ries tem-po-rais ([][][][][][], [][]1996[][]; [][][][][][],
 []

Package babel Info: Redefining portuges shorthand "|
(babel)             in language  on input line 43.
Package babel Info: Redefining portuges shorthand "|
(babel)             in language  on input line 43.
[2]
Package babel Info: Redefining portuges shorthand "|
(babel)             in language  on input line 55.
Package babel Info: Redefining portuges shorthand "|
(babel)             in language  on input line 55.
 [3]) (./caps/cap-analise-exploratoria.tex
Package babel Info: Redefining portuges shorthand "|
(babel)             in language  on input line 2.
Package babel Info: Redefining portuges shorthand "|
(babel)             in language  on input line 2.
 [4]
Cap\'{\i }tulo 2.
Package babel Info: Redefining portuges shorthand "|
(babel)             in language  on input line 2.
Package babel Info: Redefining portuges shorthand "|
(babel)             in language  on input line 28.
Package babel Info: Redefining portuges shorthand "|
(babel)             in language  on input line 28.
[5

]
Package babel Info: Redefining portuges shorthand "|
(babel)             in language  on input line 29.
LaTeX Font Info:    Try loading font information for T1+pcr on input line 47.
 (/usr/share/texlive/texmf-dist/tex/latex/psnfss/t1pcr.fd
File: t1pcr.fd 2001/06/04 font definitions for T1/pcr.
)
Package babel Info: Redefining portuges shorthand "|
(babel)             in language  on input line 51.
Package babel Info: Redefining portuges shorthand "|
(babel)             in language  on input line 61.
Package babel Info: Redefining portuges shorthand "|
(babel)             in language  on input line 61.
 [6]
<figuras/cap-analise-explo-O3-DPII.pdf, id=1042, 578.16pt x 361.35pt>
File: figuras/cap-analise-explo-O3-DPII.pdf Graphic file (type pdf)
<use figuras/cap-analise-explo-O3-DPII.pdf>
Package pdftex.def Info: figuras/cap-analise-explo-O3-DPII.pdf  used on input l
ine 64.
(pdftex.def)             Requested size: 468.33257pt x 292.70844pt.
<figuras/cap-analise-explo-O3-DPII-media-horaria.pdf, id=1044, 578.16pt x 361.3
5pt>
File: figuras/cap-analise-explo-O3-DPII-media-horaria.pdf Graphic file (type pd
f)
<use figuras/cap-analise-explo-O3-DPII-media-horaria.pdf>
Package pdftex.def Info: figuras/cap-analise-explo-O3-DPII-media-horaria.pdf  u
sed on input line 73.
(pdftex.def)             Requested size: 468.33257pt x 292.70844pt.


LaTeX Warning: `!h' float specifier changed to `!ht'.

<figuras/cap-analise-explo-O3-DPII-media-diaria.pdf, id=1047, 578.16pt x 361.35
pt>
File: figuras/cap-analise-explo-O3-DPII-media-diaria.pdf Graphic file (type pdf
)
<use figuras/cap-analise-explo-O3-DPII-media-diaria.pdf>
Package pdftex.def Info: figuras/cap-analise-explo-O3-DPII-media-diaria.pdf  us
ed on input line 82.
(pdftex.def)             Requested size: 468.33257pt x 292.70844pt.

LaTeX Warning: `!h' float specifier changed to `!ht'.

<figuras/cap-analise-explo-O3-todas-estacoes-media-diaria.pdf, id=1048, 578.16p
t x 361.35pt>
File: figuras/cap-analise-explo-O3-todas-estacoes-media-diaria.pdf Graphic file
 (type pdf)
<use figuras/cap-analise-explo-O3-todas-estacoes-media-diaria.pdf>
Package pdftex.def Info: figuras/cap-analise-explo-O3-todas-estacoes-media-diar
ia.pdf  used on input line 93.
(pdftex.def)             Requested size: 468.33257pt x 292.70844pt.

LaTeX Warning: `!h' float specifier changed to `!ht'.

<figuras/cap-analise-explo-O3-NO.pdf, id=1050, 578.16pt x 361.35pt>
File: figuras/cap-analise-explo-O3-NO.pdf Graphic file (type pdf)
<use figuras/cap-analise-explo-O3-NO.pdf>
Package pdftex.def Info: figuras/cap-analise-explo-O3-NO.pdf  used on input lin
e 102.
(pdftex.def)             Requested size: 468.33257pt x 292.70844pt.

LaTeX Warning: `!h' float specifier changed to `!ht'.

Package babel Info: Redefining portuges shorthand "|
(babel)             in language  on input line 108.
Package babel Info: Redefining portuges shorthand "|
(babel)             in language  on input line 108.
[7 <./figuras/cap-analise-explo-O3-DPII.pdf>]

LaTeX Warning: Text page 8 contains only floats.

Package babel Info: Redefining portuges shorthand "|
(babel)             in language  on input line 108.
Package babel Info: Redefining portuges shorthand "|
(babel)             in language  on input line 108.
[8 <./figuras/cap-analise-explo-O3-DPII-media-horaria.pdf> <./figuras/cap-anali
se-explo-O3-DPII-media-diaria.pdf>]
Package babel Info: Redefining portuges shorthand "|
(babel)             in language  on input line 109.
Package babel Info: Redefining portuges shorthand "|
(babel)             in language  on input line 109.
 [9 <./figuras/cap-analise-explo-O3-todas-estacoes-media-diaria.pdf> <./figuras
/cap-analise-explo-O3-NO.pdf>]
Package babel Info: Redefining portuges shorthand "|
(babel)             in language  on input line 109.
<./figuras/cap-analise-explo-scatter-ozone-no.pdf, id=1103, 433.62pt x 289.08pt
>
File: ./figuras/cap-analise-explo-scatter-ozone-no.pdf Graphic file (type pdf)
<use ./figuras/cap-analise-explo-scatter-ozone-no.pdf>
Package pdftex.def Info: ./figuras/cap-analise-explo-scatter-ozone-no.pdf  used
 on input line 118.
(pdftex.def)             Requested size: 468.33257pt x 312.23703pt.
<./figuras/cap-analise-explo-scatter-ozone-no2.pdf, id=1106, 433.62pt x 289.08p
t>
File: ./figuras/cap-analise-explo-scatter-ozone-no2.pdf Graphic file (type pdf)

<use ./figuras/cap-analise-explo-scatter-ozone-no2.pdf>
Package pdftex.def Info: ./figuras/cap-analise-explo-scatter-ozone-no2.pdf  use
d on input line 127.
(pdftex.def)             Requested size: 468.33257pt x 312.23703pt.


LaTeX Warning: `!h' float specifier changed to `!ht'.

<./figuras/cap-analise-explo-scatter-ozone-no2-morning.pdf, id=1107, 433.62pt x
 289.08pt>
File: ./figuras/cap-analise-explo-scatter-ozone-no2-morning.pdf Graphic file (t
ype pdf)
<use ./figuras/cap-analise-explo-scatter-ozone-no2-morning.pdf>
Package pdftex.def Info: ./figuras/cap-analise-explo-scatter-ozone-no2-morning.
pdf  used on input line 134.
(pdftex.def)             Requested size: 468.33257pt x 312.23703pt.

LaTeX Warning: `!h' float specifier changed to `!ht'.

Package babel Info: Redefining portuges shorthand "|
(babel)             in language  on input line 140.
Package babel Info: Redefining portuges shorthand "|
(babel)             in language  on input line 140.
[10 <./figuras/cap-analise-explo-scatter-ozone-no.pdf>]
Package babel Info: Redefining portuges shorthand "|
(babel)             in language  on input line 141.
<./figuras/cap-analise-explo-hist-ozone.pdf, id=1120, 433.62pt x 289.08pt>
File: ./figuras/cap-analise-explo-hist-ozone.pdf Graphic file (type pdf)
<use ./figuras/cap-analise-explo-hist-ozone.pdf>
Package pdftex.def Info: ./figuras/cap-analise-explo-hist-ozone.pdf  used on in
put line 148.
(pdftex.def)             Requested size: 468.33257pt x 312.23703pt.


LaTeX Warning: `!h' float specifier changed to `!ht'.

<./figuras/cap-analise-explo-ridges-ozone-month.pdf, id=1122, 433.62pt x 289.08
pt>
File: ./figuras/cap-analise-explo-ridges-ozone-month.pdf Graphic file (type pdf
)
<use ./figuras/cap-analise-explo-ridges-ozone-month.pdf>
Package pdftex.def Info: ./figuras/cap-analise-explo-ridges-ozone-month.pdf  us
ed on input line 157.
(pdftex.def)             Requested size: 468.33257pt x 312.23703pt.

LaTeX Warning: `!h' float specifier changed to `!ht'.

Package babel Info: Redefining portuges shorthand "|
(babel)             in language  on input line 163.
Package babel Info: Redefining portuges shorthand "|
(babel)             in language  on input line 167.
Package babel Info: Redefining portuges shorthand "|
(babel)             in language  on input line 167.
[11 <./figuras/cap-analise-explo-scatter-ozone-no2.pdf>]
Package babel Info: Redefining portuges shorthand "|
(babel)             in language  on input line 176.
Package babel Info: Redefining portuges shorthand "|
(babel)             in language  on input line 176.
 [12 <./figuras/cap-analise-explo-scatter-ozone-no2-morning.pdf>]
Package babel Info: Redefining portuges shorthand "|
(babel)             in language  on input line 178.
Package babel Info: Redefining portuges shorthand "|
(babel)             in language  on input line 192.
Package babel Info: Redefining portuges shorthand "|
(babel)             in language  on input line 192.
 [13 <./figuras/cap-analise-explo-hist-ozone.pdf>]
<figuras/cap-analise-explo-asg-O3-trend.pdf, id=1168, 722.7pt x 433.62pt>
File: figuras/cap-analise-explo-asg-O3-trend.pdf Graphic file (type pdf)
<use figuras/cap-analise-explo-asg-O3-trend.pdf>
Package pdftex.def Info: figuras/cap-analise-explo-asg-O3-trend.pdf  used on in
put line 202.
(pdftex.def)             Requested size: 468.33257pt x 281.00275pt.


LaTeX Warning: `!h' float specifier changed to `!ht'.

Package babel Info: Redefining portuges shorthand "|
(babel)             in language  on input line 209.
Package babel Info: Redefining portuges shorthand "|
(babel)             in language  on input line 214.
Package babel Info: Redefining portuges shorthand "|
(babel)             in language  on input line 214.
[14 <./figuras/cap-analise-explo-ridges-ozone-month.pdf>]
<figuras/cap-analise-explo-periodograma.pdf, id=1187, 722.7pt x 433.62pt>
File: figuras/cap-analise-explo-periodograma.pdf Graphic file (type pdf)
<use figuras/cap-analise-explo-periodograma.pdf>
Package pdftex.def Info: figuras/cap-analise-explo-periodograma.pdf  used on in
put line 219.
(pdftex.def)             Requested size: 468.33257pt x 281.00275pt.


LaTeX Warning: `!h' float specifier changed to `!ht'.


Overfull \hbox (3.97397pt too wide) in paragraph at lines 226--227
[]\T1/cmr/m/n/10.95 Existem na li-te-ra-tura téc-ni-cas para re-mo-ver o com-po
-nente sa-zo-nal de uma sé-rie ([][][][][][],
 []

Package babel Info: Redefining portuges shorthand "|
(babel)             in language  on input line 230.
Package babel Info: Redefining portuges shorthand "|
(babel)             in language  on input line 234.
Package babel Info: Redefining portuges shorthand "|
(babel)             in language  on input line 234.
[15 <./figuras/cap-analise-explo-asg-O3-trend.pdf>]
Package babel Info: Redefining portuges shorthand "|
(babel)             in language  on input line 246.
Package babel Info: Redefining portuges shorthand "|
(babel)             in language  on input line 246.
 [16 <./figuras/cap-analise-explo-periodograma.pdf>]
<figuras/cap-analise-explo-acf-O3-DPII.pdf, id=1229, 578.16pt x 289.08pt>
File: figuras/cap-analise-explo-acf-O3-DPII.pdf Graphic file (type pdf)
<use figuras/cap-analise-explo-acf-O3-DPII.pdf>
Package pdftex.def Info: figuras/cap-analise-explo-acf-O3-DPII.pdf  used on inp
ut line 264.
(pdftex.def)             Requested size: 468.33257pt x 234.16673pt.
Package babel Info: Redefining portuges shorthand "|
(babel)             in language  on input line 272.
Package babel Info: Redefining portuges shorthand "|
(babel)             in language  on input line 272.
 [17 <./figuras/cap-analise-explo-acf-O3-DPII.pdf>]
<figuras/cap-analise-explo-pacf-O3-DPII.pdf, id=1246, 578.16pt x 289.08pt>
File: figuras/cap-analise-explo-pacf-O3-DPII.pdf Graphic file (type pdf)
<use figuras/cap-analise-explo-pacf-O3-DPII.pdf>
Package pdftex.def Info: figuras/cap-analise-explo-pacf-O3-DPII.pdf  used on in
put line 277.
(pdftex.def)             Requested size: 468.33257pt x 234.16673pt.
Package babel Info: Redefining portuges shorthand "|
(babel)             in language  on input line 284.
Package babel Info: Redefining portuges shorthand "|
(babel)             in language  on input line 303.
Package babel Info: Redefining portuges shorthand "|
(babel)             in language  on input line 303.

[18 <./figuras/cap-analise-explo-pacf-O3-DPII.pdf>]
<./figuras/ccf_temp.pdf, id=1261, 578.16pt x 289.08pt>
File: ./figuras/ccf_temp.pdf Graphic file (type pdf)
<use ./figuras/ccf_temp.pdf>
Package pdftex.def Info: ./figuras/ccf_temp.pdf  used on input line 325.
(pdftex.def)             Requested size: 468.33257pt x 234.16673pt.


LaTeX Warning: `!h' float specifier changed to `!ht'.

Package babel Info: Redefining portuges shorthand "|
(babel)             in language  on input line 334.
Package babel Info: Redefining portuges shorthand "|
(babel)             in language  on input line 337.
Package babel Info: Redefining portuges shorthand "|
(babel)             in language  on input line 337.
[19]
<./figuras/cap-explo-medias-diarias.png, id=1269, 505.89pt x 361.35pt>
File: ./figuras/cap-explo-medias-diarias.png Graphic file (type png)
<use ./figuras/cap-explo-medias-diarias.png>
Package pdftex.def Info: ./figuras/cap-explo-medias-diarias.png  used on input 
line 346.
(pdftex.def)             Requested size: 468.33257pt x 334.53023pt.


LaTeX Warning: `!h' float specifier changed to `!ht'.

Package babel Info: Redefining portuges shorthand "|
(babel)             in language  on input line 352.
Package babel Info: Redefining portuges shorthand "|
(babel)             in language  on input line 352.
[20 <./figuras/ccf_temp.pdf>]

LaTeX Warning: `!h' float specifier changed to `!ht'.

<./figuras/cap-explo-serie-CO.png, id=1287, 433.62pt x 346.67015pt>
File: ./figuras/cap-explo-serie-CO.png Graphic file (type png)
<use ./figuras/cap-explo-serie-CO.png>
Package pdftex.def Info: ./figuras/cap-explo-serie-CO.png  used on input line 3
76.
(pdftex.def)             Requested size: 468.33257pt x 374.44049pt.

LaTeX Warning: `!h' float specifier changed to `!ht'.

<./figuras/cap-explo-serie-O3.png, id=1288, 433.62pt x 346.67015pt>
File: ./figuras/cap-explo-serie-O3.png Graphic file (type png)
<use ./figuras/cap-explo-serie-O3.png>
Package pdftex.def Info: ./figuras/cap-explo-serie-O3.png  used on input line 3
83.
(pdftex.def)             Requested size: 468.33257pt x 374.44049pt.

LaTeX Warning: `!h' float specifier changed to `!ht'.

<./figuras/cap-explo-serie-NO.png, id=1289, 433.62pt x 346.67015pt>
File: ./figuras/cap-explo-serie-NO.png Graphic file (type png)
<use ./figuras/cap-explo-serie-NO.png>
Package pdftex.def Info: ./figuras/cap-explo-serie-NO.png  used on input line 3
90.
(pdftex.def)             Requested size: 468.33257pt x 374.44049pt.

LaTeX Warning: `!h' float specifier changed to `!ht'.

<./figuras/cap-explo-serie-NO2.png, id=1290, 433.62pt x 346.67015pt>
File: ./figuras/cap-explo-serie-NO2.png Graphic file (type png)
<use ./figuras/cap-explo-serie-NO2.png>
Package pdftex.def Info: ./figuras/cap-explo-serie-NO2.png  used on input line 
397.
(pdftex.def)             Requested size: 468.33257pt x 374.44049pt.

LaTeX Warning: `!h' float specifier changed to `!ht'.

<./figuras/cap-explo-serie-PM10.png, id=1291, 433.62pt x 346.67015pt>
File: ./figuras/cap-explo-serie-PM10.png Graphic file (type png)
<use ./figuras/cap-explo-serie-PM10.png>
Package pdftex.def Info: ./figuras/cap-explo-serie-PM10.png  used on input line
 404.
(pdftex.def)             Requested size: 468.33257pt x 374.44049pt.

LaTeX Warning: `!h' float specifier changed to `!ht'.

) (./caps/cap-regressao.tex
Package babel Info: Redefining portuges shorthand "|
(babel)             in language  on input line 2.
Package babel Info: Redefining portuges shorthand "|
(babel)             in language  on input line 2.
 [21 <./figuras/cap-explo-medias-diarias.png>]
Package babel Info: Redefining portuges shorthand "|
(babel)             in language  on input line 2.
Package babel Info: Redefining portuges shorthand "|
(babel)             in language  on input line 2.

[22 <./figuras/cap-explo-serie-CO.png (PNG copy)>]
Package babel Info: Redefining portuges shorthand "|
(babel)             in language  on input line 2.
Package babel Info: Redefining portuges shorthand "|
(babel)             in language  on input line 2.
 [23 <./figuras/cap-explo-serie-O3.png (PNG copy)>]
Package babel Info: Redefining portuges shorthand "|
(babel)             in language  on input line 2.
Package babel Info: Redefining portuges shorthand "|
(babel)             in language  on input line 2.
 [24 <./figuras/cap-explo-serie-NO.png (PNG copy)>]
Package babel Info: Redefining portuges shorthand "|
(babel)             in language  on input line 2.
Package babel Info: Redefining portuges shorthand "|
(babel)             in language  on input line 2.

[25 <./figuras/cap-explo-serie-NO2.png (PNG copy)>]
Package babel Info: Redefining portuges shorthand "|
(babel)             in language  on input line 2.
Package babel Info: Redefining portuges shorthand "|
(babel)             in language  on input line 2.
 [26 <./figuras/cap-explo-serie-PM10.png (PNG copy)>]
Cap\'{\i }tulo 3.
Package babel Info: Redefining portuges shorthand "|
(babel)             in language  on input line 2.
<figuras/cap-modelos-black-box.png, id=1323, 732.7375pt x 190.7125pt>
File: figuras/cap-modelos-black-box.png Graphic file (type png)
<use figuras/cap-modelos-black-box.png>
Package pdftex.def Info: figuras/cap-modelos-black-box.png  used on input line 
24.
(pdftex.def)             Requested size: 234.16628pt x 60.94484pt.
Package babel Info: Redefining portuges shorthand "|
(babel)             in language  on input line 39.
Package babel Info: Redefining portuges shorthand "|
(babel)             in language  on input line 39.
[27

 <./figuras/cap-modelos-black-box.png>]
Package babel Info: Redefining portuges shorthand "|
(babel)             in language  on input line 52.
Package babel Info: Redefining portuges shorthand "|
(babel)             in language  on input line 60.
Package babel Info: Redefining portuges shorthand "|
(babel)             in language  on input line 60.
 [28]
Package babel Info: Redefining portuges shorthand "|
(babel)             in language  on input line 64.
Package babel Info: Redefining portuges shorthand "|
(babel)             in language  on input line 90.
Package babel Info: Redefining portuges shorthand "|
(babel)             in language  on input line 90.
 [29]
Package babel Info: Redefining portuges shorthand "|
(babel)             in language  on input line 101.
<figuras/exemplo-serie-tendencia-linear-quadratica.pdf, id=1389, 417.56pt x 287
.0725pt>
File: figuras/exemplo-serie-tendencia-linear-quadratica.pdf Graphic file (type 
pdf)
<use figuras/exemplo-serie-tendencia-linear-quadratica.pdf>
Package pdftex.def Info: figuras/exemplo-serie-tendencia-linear-quadratica.pdf 
 used on input line 115.
(pdftex.def)             Requested size: 327.83136pt x 225.39621pt.


LaTeX Warning: `!h' float specifier changed to `!ht'.

<figuras/exemplo-serie-tendencias-diferentes.pdf, id=1391, 417.56pt x 287.0725p
t>
File: figuras/exemplo-serie-tendencias-diferentes.pdf Graphic file (type pdf)
<use figuras/exemplo-serie-tendencias-diferentes.pdf>
Package pdftex.def Info: figuras/exemplo-serie-tendencias-diferentes.pdf  used 
on input line 124.
(pdftex.def)             Requested size: 327.83136pt x 225.39621pt.
Package babel Info: Redefining portuges shorthand "|
(babel)             in language  on input line 148.
Package babel Info: Redefining portuges shorthand "|
(babel)             in language  on input line 148.
[30]
Package babel Info: Redefining portuges shorthand "|
(babel)             in language  on input line 170.
Package babel Info: Redefining portuges shorthand "|
(babel)             in language  on input line 170.
 [31 <./figuras/exemplo-serie-tendencia-linear-quadratica.pdf>]
Package babel Info: Redefining portuges shorthand "|
(babel)             in language  on input line 171.
<figuras/exemplo-serie-correlacao.pdf, id=1420, 417.56pt x 216.81pt>
File: figuras/exemplo-serie-correlacao.pdf Graphic file (type pdf)
<use figuras/exemplo-serie-correlacao.pdf>
Package pdftex.def Info: figuras/exemplo-serie-correlacao.pdf  used on input li
ne 179.
(pdftex.def)             Requested size: 327.83136pt x 170.2293pt.


LaTeX Warning: `!h' float specifier changed to `!ht'.

Package babel Info: Redefining portuges shorthand "|
(babel)             in language  on input line 188.
Package babel Info: Redefining portuges shorthand "|
(babel)             in language  on input line 188.
[32 <./figuras/exemplo-serie-tendencias-diferentes.pdf>]
Package babel Info: Redefining portuges shorthand "|
(babel)             in language  on input line 198.
<figuras/exemplo-serie-heteroscedasticidade.pdf, id=1442, 490.83376pt x 316.181
24pt>
File: figuras/exemplo-serie-heteroscedasticidade.pdf Graphic file (type pdf)
<use figuras/exemplo-serie-heteroscedasticidade.pdf>
Package pdftex.def Info: figuras/exemplo-serie-heteroscedasticidade.pdf  used o
n input line 207.
(pdftex.def)             Requested size: 327.83136pt x 211.18419pt.


LaTeX Warning: `!h' float specifier changed to `!ht'.

Package babel Info: Redefining portuges shorthand "|
(babel)             in language  on input line 216.
Package babel Info: Redefining portuges shorthand "|
(babel)             in language  on input line 216.
[33 <./figuras/exemplo-serie-correlacao.pdf>]
Package babel Info: Redefining portuges shorthand "|
(babel)             in language  on input line 216.
<figuras/suposicao-linearidade.pdf, id=1466, 417.56pt x 287.0725pt>
File: figuras/suposicao-linearidade.pdf Graphic file (type pdf)
<use figuras/suposicao-linearidade.pdf>
Package pdftex.def Info: figuras/suposicao-linearidade.pdf  used on input line 
236.
(pdftex.def)             Requested size: 327.83136pt x 225.39621pt.


LaTeX Warning: `!h' float specifier changed to `!ht'.

Package babel Info: Redefining portuges shorthand "|
(babel)             in language  on input line 246.
Package babel Info: Redefining portuges shorthand "|
(babel)             in language  on input line 246.
[34 <./figuras/exemplo-serie-heteroscedasticidade.pdf>]
<figuras/exemplo-residuos-linearidade-forma-U.pdf, id=1484, 548.0475pt x 258.96
75pt>
File: figuras/exemplo-residuos-linearidade-forma-U.pdf Graphic file (type pdf)
<use figuras/exemplo-residuos-linearidade-forma-U.pdf>
Package pdftex.def Info: figuras/exemplo-residuos-linearidade-forma-U.pdf  used
 on input line 249.
(pdftex.def)             Requested size: 327.83136pt x 154.91145pt.
Package babel Info: Redefining portuges shorthand "|
(babel)             in language  on input line 264.
Package babel Info: Redefining portuges shorthand "|
(babel)             in language  on input line 264.
 [35 <./figuras/suposicao-linearidade.pdf> <./figuras/exemplo-residuos-linearid
ade-forma-U.pdf>]
<figuras/cap-regressao-exemplo-reg-seg.pdf, id=1509, 433.62pt x 289.08pt>
File: figuras/cap-regressao-exemplo-reg-seg.pdf Graphic file (type pdf)
<use figuras/cap-regressao-exemplo-reg-seg.pdf>
Package pdftex.def Info: figuras/cap-regressao-exemplo-reg-seg.pdf  used on inp
ut line 274.
(pdftex.def)             Requested size: 327.83136pt x 218.56503pt.
Package babel Info: Redefining portuges shorthand "|
(babel)             in language  on input line 286.
Package babel Info: Redefining portuges shorthand "|
(babel)             in language  on input line 292.
Package babel Info: Redefining portuges shorthand "|
(babel)             in language  on input line 292.

[36 <./figuras/cap-regressao-exemplo-reg-seg.pdf>]
Overfull \hbox (5.76111pt too wide) in paragraph at lines 296--297
[]\T1/cmr/m/n/10.95 A in-te-ra-ção de duas va-riá-veis pode ser con-tem-plada p
elo mo-delo de re-gres-são li-near acrescentando-
 []

Package babel Info: Redefining portuges shorthand "|
(babel)             in language  on input line 300.
Package babel Info: Redefining portuges shorthand "|
(babel)             in language  on input line 312.
Package babel Info: Redefining portuges shorthand "|
(babel)             in language  on input line 312.
[37]
Package babel Info: Redefining portuges shorthand "|
(babel)             in language  on input line 320.
Package babel Info: Redefining portuges shorthand "|
(babel)             in language  on input line 328.
Package babel Info: Redefining portuges shorthand "|
(babel)             in language  on input line 328.
 [38]
Package babel Info: Redefining portuges shorthand "|
(babel)             in language  on input line 331.
Package babel Info: Redefining portuges shorthand "|
(babel)             in language  on input line 353.
Package babel Info: Redefining portuges shorthand "|
(babel)             in language  on input line 353.
 [39]
Package babel Info: Redefining portuges shorthand "|
(babel)             in language  on input line 354.
<figuras/gamma-distribution.pdf, id=1588, 391.4625pt x 216.81pt>
File: figuras/gamma-distribution.pdf Graphic file (type pdf)
<use figuras/gamma-distribution.pdf>
Package pdftex.def Info: figuras/gamma-distribution.pdf  used on input line 365
.
(pdftex.def)             Requested size: 327.83136pt x 181.5766pt.
<figuras/inverse-normal-distribution.pdf, id=1590, 391.4625pt x 216.81pt>
File: figuras/inverse-normal-distribution.pdf Graphic file (type pdf)
<use figuras/inverse-normal-distribution.pdf>
Package pdftex.def Info: figuras/inverse-normal-distribution.pdf  used on input
 line 378.
(pdftex.def)             Requested size: 327.83136pt x 181.5766pt.


LaTeX Warning: `!h' float specifier changed to `!ht'.

Package babel Info: Redefining portuges shorthand "|
(babel)             in language  on input line 387.
Package babel Info: Redefining portuges shorthand "|
(babel)             in language  on input line 387.
[40 <./figuras/gamma-distribution.pdf>]
Package babel Info: Redefining portuges shorthand "|
(babel)             in language  on input line 389.
Package babel Info: Redefining portuges shorthand "|
(babel)             in language  on input line 397.
Package babel Info: Redefining portuges shorthand "|
(babel)             in language  on input line 397.
 [41 <./figuras/inverse-normal-distribution.pdf>]

LaTeX Warning: Reference `sec:health-impact-functions' on page 42 undefined on 
input line 402.

Package babel Info: Redefining portuges shorthand "|
(babel)             in language  on input line 407.
Package babel Info: Redefining portuges shorthand "|
(babel)             in language  on input line 422.
Package babel Info: Redefining portuges shorthand "|
(babel)             in language  on input line 425.
Package babel Info: Redefining portuges shorthand "|
(babel)             in language  on input line 425.
[42]
Package babel Info: Redefining portuges shorthand "|
(babel)             in language  on input line 447.
Package babel Info: Redefining portuges shorthand "|
(babel)             in language  on input line 464.
Package babel Info: Redefining portuges shorthand "|
(babel)             in language  on input line 464.
 [43]
<figuras/cap-regressao-exemplo-splines.pdf, id=1683, 433.62pt x 289.08pt>
File: figuras/cap-regressao-exemplo-splines.pdf Graphic file (type pdf)
<use figuras/cap-regressao-exemplo-splines.pdf>
Package pdftex.def Info: figuras/cap-regressao-exemplo-splines.pdf  used on inp
ut line 482.
(pdftex.def)             Requested size: 327.83136pt x 218.56503pt.
Package babel Info: Redefining portuges shorthand "|
(babel)             in language  on input line 495.
Package babel Info: Redefining portuges shorthand "|
(babel)             in language  on input line 495.
 [44 <./figuras/cap-regressao-exemplo-splines.pdf>]
Package babel Info: Redefining portuges shorthand "|
(babel)             in language  on input line 523.
Package babel Info: Redefining portuges shorthand "|
(babel)             in language  on input line 526.
Package babel Info: Redefining portuges shorthand "|
(babel)             in language  on input line 526.
 [45]
Package babel Info: Redefining portuges shorthand "|
(babel)             in language  on input line 529.
Package babel Info: Redefining portuges shorthand "|
(babel)             in language  on input line 541.
Package babel Info: Redefining portuges shorthand "|
(babel)             in language  on input line 558.
Package babel Info: Redefining portuges shorthand "|
(babel)             in language  on input line 558.
 [46]
Package babel Info: Redefining portuges shorthand "|
(babel)             in language  on input line 567.
Package babel Info: Redefining portuges shorthand "|
(babel)             in language  on input line 593.
Package babel Info: Redefining portuges shorthand "|
(babel)             in language  on input line 593.
 [47]
Package babel Info: Redefining portuges shorthand "|
(babel)             in language  on input line 622.
Package babel Info: Redefining portuges shorthand "|
(babel)             in language  on input line 629.
Package babel Info: Redefining portuges shorthand "|
(babel)             in language  on input line 629.

[48]
Package babel Info: Redefining portuges shorthand "|
(babel)             in language  on input line 632.
Package babel Info: Redefining portuges shorthand "|
(babel)             in language  on input line 657.
Package babel Info: Redefining portuges shorthand "|
(babel)             in language  on input line 657.
 [49]
Package babel Info: Redefining portuges shorthand "|
(babel)             in language  on input line 662.
Package babel Info: Redefining portuges shorthand "|
(babel)             in language  on input line 679.
Package babel Info: Redefining portuges shorthand "|
(babel)             in language  on input line 681.
Package babel Info: Redefining portuges shorthand "|
(babel)             in language  on input line 684.
Package babel Info: Redefining portuges shorthand "|
(babel)             in language  on input line 684.
 [50]
Package babel Info: Redefining portuges shorthand "|
(babel)             in language  on input line 693.
Package babel Info: Redefining portuges shorthand "|
(babel)             in language  on input line 705.
Package babel Info: Redefining portuges shorthand "|
(babel)             in language  on input line 705.
 [51]
Package babel Info: Redefining portuges shorthand "|
(babel)             in language  on input line 739.

Overfull \hbox (9.17007pt too wide) in paragraph at lines 743--744
[]\T1/cmr/m/n/10.95 Às ve-zes, o pró-prio de-li-ne-a-mento do es-tudo gera da-d
os fal-tan-tes. Na aná-lise feita por [][][][][][]
 []

Package babel Info: Redefining portuges shorthand "|
(babel)             in language  on input line 744.
Package babel Info: Redefining portuges shorthand "|
(babel)             in language  on input line 744.
[52]) (./caps/cap-machine-learning.tex
Package babel Info: Redefining portuges shorthand "|
(babel)             in language  on input line 2.
Package babel Info: Redefining portuges shorthand "|
(babel)             in language  on input line 2.
 [53]
Package babel Info: Redefining portuges shorthand "|
(babel)             in language  on input line 2.
Package babel Info: Redefining portuges shorthand "|
(babel)             in language  on input line 2.
 [54

]
Cap\'{\i }tulo 4.
Package babel Info: Redefining portuges shorthand "|
(babel)             in language  on input line 2.
Package babel Info: Redefining portuges shorthand "|
(babel)             in language  on input line 30.
Package babel Info: Redefining portuges shorthand "|
(babel)             in language  on input line 30.
[55]
Package babel Info: Redefining portuges shorthand "|
(babel)             in language  on input line 34.
<figuras/cap-aprend-estat-trade-off.pdf, id=1883, 433.62pt x 289.08pt>
File: figuras/cap-aprend-estat-trade-off.pdf Graphic file (type pdf)
<use figuras/cap-aprend-estat-trade-off.pdf>
Package pdftex.def Info: figuras/cap-aprend-estat-trade-off.pdf  used on input 
line 52.
(pdftex.def)             Requested size: 374.66748pt x 249.7905pt.


LaTeX Warning: `!h' float specifier changed to `!ht'.


LaTeX Warning: `!h' float specifier changed to `!ht'.

Package babel Info: Redefining portuges shorthand "|
(babel)             in language  on input line 87.
Package babel Info: Redefining portuges shorthand "|
(babel)             in language  on input line 87.
[56]
Package babel Info: Redefining portuges shorthand "|
(babel)             in language  on input line 89.
Package babel Info: Redefining portuges shorthand "|
(babel)             in language  on input line 89.
 [57 <./figuras/cap-aprend-estat-trade-off.pdf>]
Package babel Info: Redefining portuges shorthand "|
(babel)             in language  on input line 94.
Package babel Info: Redefining portuges shorthand "|
(babel)             in language  on input line 102.
Package babel Info: Redefining portuges shorthand "|
(babel)             in language  on input line 107.
Package babel Info: Redefining portuges shorthand "|
(babel)             in language  on input line 107.
 [58]
Package babel Info: Redefining portuges shorthand "|
(babel)             in language  on input line 107.
<figuras/cap-aprend-estat-esquema-loocv.png, id=1917, 387.4475pt x 294.09875pt>

File: figuras/cap-aprend-estat-esquema-loocv.png Graphic file (type png)
<use figuras/cap-aprend-estat-esquema-loocv.png>
Package pdftex.def Info: figuras/cap-aprend-estat-esquema-loocv.png  used on in
put line 135.
(pdftex.def)             Requested size: 234.16628pt x 177.74854pt.


LaTeX Warning: `!h' float specifier changed to `!ht'.

Package babel Info: Redefining portuges shorthand "|
(babel)             in language  on input line 142.
Package babel Info: Redefining portuges shorthand "|
(babel)             in language  on input line 142.
[59]
<figuras/cap-aprend-estat-esquema-k-fold-cv.png, id=1927, 568.1225pt x 340.2712
6pt>
File: figuras/cap-aprend-estat-esquema-k-fold-cv.png Graphic file (type png)
<use figuras/cap-aprend-estat-esquema-k-fold-cv.png>
Package pdftex.def Info: figuras/cap-aprend-estat-esquema-k-fold-cv.png  used o
n input line 152.
(pdftex.def)             Requested size: 327.83136pt x 196.36057pt.
Package babel Info: Redefining portuges shorthand "|
(babel)             in language  on input line 158.
Package babel Info: Redefining portuges shorthand "|
(babel)             in language  on input line 158.
 [60 <./figuras/cap-aprend-estat-esquema-loocv.png> <./figuras/cap-aprend-estat
-esquema-k-fold-cv.png>]
Package babel Info: Redefining portuges shorthand "|
(babel)             in language  on input line 163.
Package babel Info: Redefining portuges shorthand "|
(babel)             in language  on input line 175.
Package babel Info: Redefining portuges shorthand "|
(babel)             in language  on input line 181.
Package babel Info: Redefining portuges shorthand "|
(babel)             in language  on input line 181.
 [61]
Package babel Info: Redefining portuges shorthand "|
(babel)             in language  on input line 183.
Package babel Info: Redefining portuges shorthand "|
(babel)             in language  on input line 213.
Package babel Info: Redefining portuges shorthand "|
(babel)             in language  on input line 223.
Package babel Info: Redefining portuges shorthand "|
(babel)             in language  on input line 223.
 [62]
Package babel Info: Redefining portuges shorthand "|
(babel)             in language  on input line 235.
Package babel Info: Redefining portuges shorthand "|
(babel)             in language  on input line 250.
Package babel Info: Redefining portuges shorthand "|
(babel)             in language  on input line 250.
 [63]
Package babel Info: Redefining portuges shorthand "|
(babel)             in language  on input line 272.
Package babel Info: Redefining portuges shorthand "|
(babel)             in language  on input line 272.
 [64]
Package babel Info: Redefining portuges shorthand "|
(babel)             in language  on input line 275.
Package babel Info: Redefining portuges shorthand "|
(babel)             in language  on input line 289.
Package babel Info: Redefining portuges shorthand "|
(babel)             in language  on input line 294.
Package babel Info: Redefining portuges shorthand "|
(babel)             in language  on input line 294.
 [65]
Package babel Info: Redefining portuges shorthand "|
(babel)             in language  on input line 298.
<figuras/cap-aprend-estat-arvore.pdf, id=2005, 722.7pt x 722.7pt>
File: figuras/cap-aprend-estat-arvore.pdf Graphic file (type pdf)
<use figuras/cap-aprend-estat-arvore.pdf>
Package pdftex.def Info: figuras/cap-aprend-estat-arvore.pdf  used on input lin
e 306.
(pdftex.def)             Requested size: 327.83136pt x 327.8255pt.


LaTeX Warning: `!h' float specifier changed to `!ht'.

Package babel Info: Redefining portuges shorthand "|
(babel)             in language  on input line 315.
Package babel Info: Redefining portuges shorthand "|
(babel)             in language  on input line 321.
Package babel Info: Redefining portuges shorthand "|
(babel)             in language  on input line 321.
[66]
Package babel Info: Redefining portuges shorthand "|
(babel)             in language  on input line 335.
Package babel Info: Redefining portuges shorthand "|
(babel)             in language  on input line 335.
 [67 <./figuras/cap-aprend-estat-arvore.pdf>]
Package babel Info: Redefining portuges shorthand "|
(babel)             in language  on input line 336.
Package babel Info: Redefining portuges shorthand "|
(babel)             in language  on input line 355.
Package babel Info: Redefining portuges shorthand "|
(babel)             in language  on input line 358.
Package babel Info: Redefining portuges shorthand "|
(babel)             in language  on input line 358.
 [68]
Package babel Info: Redefining portuges shorthand "|
(babel)             in language  on input line 361.
Package babel Info: Redefining portuges shorthand "|
(babel)             in language  on input line 377.
Package babel Info: Redefining portuges shorthand "|
(babel)             in language  on input line 383.
Package babel Info: Redefining portuges shorthand "|
(babel)             in language  on input line 386.
Package babel Info: Redefining portuges shorthand "|
(babel)             in language  on input line 386.
 [69]
Package babel Info: Redefining portuges shorthand "|
(babel)             in language  on input line 416.
Package babel Info: Redefining portuges shorthand "|
(babel)             in language  on input line 416.
 [70]
Package babel Info: Redefining portuges shorthand "|
(babel)             in language  on input line 420.
Package babel Info: Redefining portuges shorthand "|
(babel)             in language  on input line 442.
Package babel Info: Redefining portuges shorthand "|
(babel)             in language  on input line 445.
Package babel Info: Redefining portuges shorthand "|
(babel)             in language  on input line 445.
 [71]
<figuras/cap-aprend-estat-tp-hm-nox.pdf, id=2083, 433.62pt x 289.08pt>
File: figuras/cap-aprend-estat-tp-hm-nox.pdf Graphic file (type pdf)
<use figuras/cap-aprend-estat-tp-hm-nox.pdf>
Package pdftex.def Info: figuras/cap-aprend-estat-tp-hm-nox.pdf  used on input 
line 450.
(pdftex.def)             Requested size: 327.83136pt x 218.56503pt.
<figuras/cap-aprend-estat-series-tp-hm-nox.pdf, id=2084, 433.62pt x 289.08pt>
File: figuras/cap-aprend-estat-series-tp-hm-nox.pdf Graphic file (type pdf)
<use figuras/cap-aprend-estat-series-tp-hm-nox.pdf>
Package pdftex.def Info: figuras/cap-aprend-estat-series-tp-hm-nox.pdf  used on
 input line 458.
(pdftex.def)             Requested size: 327.83136pt x 218.56503pt.
Package babel Info: Redefining portuges shorthand "|
(babel)             in language  on input line 464.
Package babel Info: Redefining portuges shorthand "|
(babel)             in language  on input line 464.
 [72 <./figuras/cap-aprend-estat-tp-hm-nox.pdf> <./figuras/cap-aprend-estat-ser
ies-tp-hm-nox.pdf>]
<figuras/cap-aprend-estat-interp-lm.pdf, id=2109, 433.62pt x 578.16pt>
File: figuras/cap-aprend-estat-interp-lm.pdf Graphic file (type pdf)
<use figuras/cap-aprend-estat-interp-lm.pdf>
Package pdftex.def Info: figuras/cap-aprend-estat-interp-lm.pdf  used on input 
line 467.
(pdftex.def)             Requested size: 327.83136pt x 437.13008pt.
Package babel Info: Redefining portuges shorthand "|
(babel)             in language  on input line 473.
Package babel Info: Redefining portuges shorthand "|
(babel)             in language  on input line 473.
 [73 <./figuras/cap-aprend-estat-interp-lm.pdf>]
<figuras/cap-aprend-estat-graficos-iml.pdf, id=2124, 505.89pt x 361.35pt>
File: figuras/cap-aprend-estat-graficos-iml.pdf Graphic file (type pdf)
<use figuras/cap-aprend-estat-graficos-iml.pdf>
Package pdftex.def Info: figuras/cap-aprend-estat-graficos-iml.pdf  used on inp
ut line 478.
(pdftex.def)             Requested size: 327.83136pt x 234.16896pt.
<figuras/cap-aprend-estat-tp-hm.pdf, id=2125, 433.62pt x 289.08pt>
File: figuras/cap-aprend-estat-tp-hm.pdf Graphic file (type pdf)
<use figuras/cap-aprend-estat-tp-hm.pdf>
Package pdftex.def Info: figuras/cap-aprend-estat-tp-hm.pdf  used on input line
 485.
(pdftex.def)             Requested size: 327.83136pt x 218.56503pt.
)
(./caps/cap-poluicao-e-combustivel.tex
Package babel Info: Redefining portuges shorthand "|
(babel)             in language  on input line 2.
Package babel Info: Redefining portuges shorthand "|
(babel)             in language  on input line 2.
 [74 <./figuras/cap-aprend-estat-graficos-iml.pdf> <./figuras/cap-aprend-estat-
tp-hm.pdf>]
Cap\'{\i }tulo 5.
Package babel Info: Redefining portuges shorthand "|
(babel)             in language  on input line 2.
Package babel Info: Redefining portuges shorthand "|
(babel)             in language  on input line 7.
Package babel Info: Redefining portuges shorthand "|
(babel)             in language  on input line 16.
Package babel Info: Redefining portuges shorthand "|
(babel)             in language  on input line 16.
[75

]
Package babel Info: Redefining portuges shorthand "|
(babel)             in language  on input line 21.
Package babel Info: Redefining portuges shorthand "|
(babel)             in language  on input line 48.
Package babel Info: Redefining portuges shorthand "|
(babel)             in language  on input line 48.
 [76]
Package babel Info: Redefining portuges shorthand "|
(babel)             in language  on input line 62.
Package babel Info: Redefining portuges shorthand "|
(babel)             in language  on input line 65.
Package babel Info: Redefining portuges shorthand "|
(babel)             in language  on input line 65.
 [77]
<figuras/cap-comb-series-share-ozone.pdf, id=2201, 433.62pt x 289.08pt>
File: figuras/cap-comb-series-share-ozone.pdf Graphic file (type pdf)
<use figuras/cap-comb-series-share-ozone.pdf>
Package pdftex.def Info: figuras/cap-comb-series-share-ozone.pdf  used on input
 line 74.
(pdftex.def)             Requested size: 327.83136pt x 218.56503pt.
<figuras/cap-comb-scatter-share-ozone.pdf, id=2202, 433.62pt x 289.08pt>
File: figuras/cap-comb-scatter-share-ozone.pdf Graphic file (type pdf)
<use figuras/cap-comb-scatter-share-ozone.pdf>
Package pdftex.def Info: figuras/cap-comb-scatter-share-ozone.pdf  used on inpu
t line 81.
(pdftex.def)             Requested size: 327.83136pt x 218.56503pt.
Package babel Info: Redefining portuges shorthand "|
(babel)             in language  on input line 87.
Package babel Info: Redefining portuges shorthand "|
(babel)             in language  on input line 87.
 [78 <./figuras/cap-comb-series-share-ozone.pdf>]
<figuras/cap-comb-temperature-ridge-graph.pdf, id=2216, 433.62pt x 289.08pt>
File: figuras/cap-comb-temperature-ridge-graph.pdf Graphic file (type pdf)
<use figuras/cap-comb-temperature-ridge-graph.pdf>
Package pdftex.def Info: figuras/cap-comb-temperature-ridge-graph.pdf  used on 
input line 90.
(pdftex.def)             Requested size: 327.83136pt x 218.56503pt.
<figuras/cap-comb-series-temperature-ozone.pdf, id=2217, 433.62pt x 289.08pt>
File: figuras/cap-comb-series-temperature-ozone.pdf Graphic file (type pdf)
<use figuras/cap-comb-series-temperature-ozone.pdf>
Package pdftex.def Info: figuras/cap-comb-series-temperature-ozone.pdf  used on
 input line 97.
(pdftex.def)             Requested size: 327.83136pt x 218.56503pt.
<figuras/cap-comb-scatter-temperature-ozone.pdf, id=2218, 433.62pt x 289.08pt>
File: figuras/cap-comb-scatter-temperature-ozone.pdf Graphic file (type pdf)
<use figuras/cap-comb-scatter-temperature-ozone.pdf>
Package pdftex.def Info: figuras/cap-comb-scatter-temperature-ozone.pdf  used o
n input line 104.
(pdftex.def)             Requested size: 327.83136pt x 218.56503pt.

Overfull \hbox (11.93927pt too wide) in paragraph at lines 109--109
[][][]\T1/cmr/m/n/9 Os grá-fi-cos para os ou-tros pre-di-to-res po-dem ser en-c
on-tra-dos em [][]https://www.rpollution.com/flexdashboards/ozonio-
 []

<figuras/cap-comb-scatter-congestion-region-ozone.pdf, id=2224, 433.62pt x 289.
08pt>
File: figuras/cap-comb-scatter-congestion-region-ozone.pdf Graphic file (type p
df)
<use figuras/cap-comb-scatter-congestion-region-ozone.pdf>
Package pdftex.def Info: figuras/cap-comb-scatter-congestion-region-ozone.pdf  
used on input line 123.
(pdftex.def)             Requested size: 327.83136pt x 218.56503pt.
<figuras/cap-comb-ozone-congestion-throughtout-week.pdf, id=2225, 578.16pt x 36
1.35pt>
File: figuras/cap-comb-ozone-congestion-throughtout-week.pdf Graphic file (type
 pdf)
<use figuras/cap-comb-ozone-congestion-throughtout-week.pdf>
Package pdftex.def Info: figuras/cap-comb-ozone-congestion-throughtout-week.pdf
  used on input line 130.
(pdftex.def)             Requested size: 327.83136pt x 204.89095pt.
Package babel Info: Redefining portuges shorthand "|
(babel)             in language  on input line 136.
Package babel Info: Redefining portuges shorthand "|
(babel)             in language  on input line 136.
[79 <./figuras/cap-comb-scatter-share-ozone.pdf>]
Package babel Info: Redefining portuges shorthand "|
(babel)             in language  on input line 136.
Package babel Info: Redefining portuges shorthand "|
(babel)             in language  on input line 136.
 [80 <./figuras/cap-comb-temperature-ridge-graph.pdf> <./figuras/cap-comb-serie
s-temperature-ozone.pdf>]
Package babel Info: Redefining portuges shorthand "|
(babel)             in language  on input line 136.
Package babel Info: Redefining portuges shorthand "|
(babel)             in language  on input line 136.

[81 <./figuras/cap-comb-scatter-temperature-ozone.pdf> <./figuras/cap-comb-scat
ter-congestion-region-ozone.pdf>]
<figuras/cap-comb-ozone-throughtout-week-by-share.pdf, id=2273, 433.62pt x 289.
08pt>
File: figuras/cap-comb-ozone-throughtout-week-by-share.pdf Graphic file (type p
df)
<use figuras/cap-comb-ozone-throughtout-week-by-share.pdf>
Package pdftex.def Info: figuras/cap-comb-ozone-throughtout-week-by-share.pdf  
used on input line 139.
(pdftex.def)             Requested size: 327.83136pt x 218.56503pt.
Package babel Info: Redefining portuges shorthand "|
(babel)             in language  on input line 146.


Package hyperref Warning: Token not allowed in a PDF string (PDFDocEncoding):
(hyperref)                removing `\begingroup' on input line 146.


Package hyperref Warning: Token not allowed in a PDF string (PDFDocEncoding):
(hyperref)                removing `\<let>-command' on input line 146.


Package hyperref Warning: Token not allowed in a PDF string (PDFDocEncoding):
(hyperref)                removing `\NAT@ctype' on input line 146.


Package hyperref Warning: Token not allowed in a PDF string (PDFDocEncoding):
(hyperref)                removing `\z@' on input line 146.


Package hyperref Warning: Token not allowed in a PDF string (PDFDocEncoding):
(hyperref)                removing `\let' on input line 146.


Package hyperref Warning: Token not allowed in a PDF string (PDFDocEncoding):
(hyperref)                removing `\let' on input line 146.


Package hyperref Warning: Token not allowed in a PDF string (PDFDocEncoding):
(hyperref)                removing `\@ifnextchar' on input line 146.


LaTeX Warning: `!h' float specifier changed to `!ht'.

Package babel Info: Redefining portuges shorthand "|
(babel)             in language  on input line 181.
Package babel Info: Redefining portuges shorthand "|
(babel)             in language  on input line 181.
[82 <./figuras/cap-comb-ozone-congestion-throughtout-week.pdf>]

Package natbib Warning: Citation `SALVO2017' on page 83 undefined on input line
 184.

Package babel Info: Redefining portuges shorthand "|
(babel)             in language  on input line 184.
Package babel Info: Redefining portuges shorthand "|
(babel)             in language  on input line 184.
[83 <./figuras/cap-comb-ozone-throughtout-week-by-share.pdf>]
<figuras/cap-comb-lin-reg-pred-obs-plot.pdf, id=2315, 433.62pt x 289.08pt>
File: figuras/cap-comb-lin-reg-pred-obs-plot.pdf Graphic file (type pdf)
<use figuras/cap-comb-lin-reg-pred-obs-plot.pdf>
Package pdftex.def Info: figuras/cap-comb-lin-reg-pred-obs-plot.pdf  used on in
put line 188.
(pdftex.def)             Requested size: 327.83136pt x 218.56503pt.
Package babel Info: Redefining portuges shorthand "|
(babel)             in language  on input line 195.
Package babel Info: Redefining portuges shorthand "|
(babel)             in language  on input line 199.
Package babel Info: Redefining portuges shorthand "|
(babel)             in language  on input line 202.
Package babel Info: Redefining portuges shorthand "|
(babel)             in language  on input line 202.
 [84 <./figuras/cap-comb-lin-reg-pred-obs-plot.pdf>]
Overfull \hbox (1.07602pt too wide) in paragraph at lines 208--208
 []|\T1/cmr/m/n/10.95 Distribuição| 
 []


Overfull \hbox (2.98842pt too wide) in paragraph at lines 208--208
 []|\T1/cmr/m/n/10.95 RMSE| 
 []

Package babel Info: Redefining portuges shorthand "|
(babel)             in language  on input line 227.
Package babel Info: Redefining portuges shorthand "|
(babel)             in language  on input line 227.
[85]
<figuras/cap-comb-gam-plot.pdf, id=2347, 433.62pt x 289.08pt>
File: figuras/cap-comb-gam-plot.pdf Graphic file (type pdf)
<use figuras/cap-comb-gam-plot.pdf>
Package pdftex.def Info: figuras/cap-comb-gam-plot.pdf  used on input line 234.

(pdftex.def)             Requested size: 327.83136pt x 218.56503pt.
<figuras/cap-comb-gam-pred-obs-plot.pdf, id=2349, 433.62pt x 289.08pt>
File: figuras/cap-comb-gam-pred-obs-plot.pdf Graphic file (type pdf)
<use figuras/cap-comb-gam-pred-obs-plot.pdf>
Package pdftex.def Info: figuras/cap-comb-gam-pred-obs-plot.pdf  used on input 
line 243.
(pdftex.def)             Requested size: 327.83136pt x 218.56503pt.


LaTeX Warning: `!h' float specifier changed to `!ht'.

Package babel Info: Redefining portuges shorthand "|
(babel)             in language  on input line 249.
Package babel Info: Redefining portuges shorthand "|
(babel)             in language  on input line 249.
[86 <./figuras/cap-comb-gam-plot.pdf>]
<figuras/cap-comb-gam-plot-bs.pdf, id=2363, 433.62pt x 289.08pt>
File: figuras/cap-comb-gam-plot-bs.pdf Graphic file (type pdf)
<use figuras/cap-comb-gam-plot-bs.pdf>
Package pdftex.def Info: figuras/cap-comb-gam-plot-bs.pdf  used on input line 2
52.
(pdftex.def)             Requested size: 327.83136pt x 218.56503pt.
Package babel Info: Redefining portuges shorthand "|
(babel)             in language  on input line 261.
Package babel Info: Redefining portuges shorthand "|
(babel)             in language  on input line 264.
Package babel Info: Redefining portuges shorthand "|
(babel)             in language  on input line 264.
 [87 <./figuras/cap-comb-gam-pred-obs-plot.pdf> <./figuras/cap-comb-gam-plot-bs
.pdf>]

LaTeX Warning: Reference `' on page 88 undefined on input line 278.

<figuras/cap-comb-seg-reg-plot.pdf, id=2388, 433.62pt x 289.08pt>
File: figuras/cap-comb-seg-reg-plot.pdf Graphic file (type pdf)
<use figuras/cap-comb-seg-reg-plot.pdf>
Package pdftex.def Info: figuras/cap-comb-seg-reg-plot.pdf  used on input line 
282.
(pdftex.def)             Requested size: 327.83136pt x 218.56503pt.

LaTeX Warning: `!h' float specifier changed to `!ht'.

Package babel Info: Redefining portuges shorthand "|
(babel)             in language  on input line 289.

LaTeX Warning: `!h' float specifier changed to `!ht'.

Package babel Info: Redefining portuges shorthand "|
(babel)             in language  on input line 308.
Package babel Info: Redefining portuges shorthand "|
(babel)             in language  on input line 308.
[88]
<figuras/cap-comb-forest-pred-obs-plot.pdf, id=2399, 433.62pt x 289.08pt>
File: figuras/cap-comb-forest-pred-obs-plot.pdf Graphic file (type pdf)
<use figuras/cap-comb-forest-pred-obs-plot.pdf>
Package pdftex.def Info: figuras/cap-comb-forest-pred-obs-plot.pdf  used on inp
ut line 311.
(pdftex.def)             Requested size: 327.83136pt x 218.56503pt.


LaTeX Warning: `!h' float specifier changed to `!ht'.

Package babel Info: Redefining portuges shorthand "|
(babel)             in language  on input line 320.
Package babel Info: Redefining portuges shorthand "|
(babel)             in language  on input line 322.
Package babel Info: Redefining portuges shorthand "|
(babel)             in language  on input line 326.
Package babel Info: Redefining portuges shorthand "|
(babel)             in language  on input line 329.
Package babel Info: Redefining portuges shorthand "|
(babel)             in language  on input line 329.
[89 <./figuras/cap-comb-seg-reg-plot.pdf>]
Package babel Info: Redefining portuges shorthand "|
(babel)             in language  on input line 338.
<figuras/cap-comb-dist-ozonio.pdf, id=2416, 433.62pt x 289.08pt>
File: figuras/cap-comb-dist-ozonio.pdf Graphic file (type pdf)
<use figuras/cap-comb-dist-ozonio.pdf>
Package pdftex.def Info: figuras/cap-comb-dist-ozonio.pdf  used on input line 3
46.
(pdftex.def)             Requested size: 327.83136pt x 218.56503pt.


LaTeX Warning: `!h' float specifier changed to `!ht'.

Package babel Info: Redefining portuges shorthand "|
(babel)             in language  on input line 352.
Package babel Info: Redefining portuges shorthand "|
(babel)             in language  on input line 352.
[90 <./figuras/cap-comb-forest-pred-obs-plot.pdf>]
Overfull \hbox (2.98842pt too wide) in paragraph at lines 358--358
 []|\T1/cmr/m/n/10.95 RMSE| 
 []


Overfull \hbox (14.0587pt too wide) in paragraph at lines 356--368
 [][] 
 []

<figuras/cap-comb-lin-reg-transfor-pred-obs-plot.pdf, id=2436, 433.62pt x 289.0
8pt>
File: figuras/cap-comb-lin-reg-transfor-pred-obs-plot.pdf Graphic file (type pd
f)
<use figuras/cap-comb-lin-reg-transfor-pred-obs-plot.pdf>
Package pdftex.def Info: figuras/cap-comb-lin-reg-transfor-pred-obs-plot.pdf  u
sed on input line 374.
(pdftex.def)             Requested size: 327.83136pt x 218.56503pt.

LaTeX Warning: `!h' float specifier changed to `!ht'.

Package babel Info: Redefining portuges shorthand "|
(babel)             in language  on input line 379.
Package babel Info: Redefining portuges shorthand "|
(babel)             in language  on input line 383.
Package babel Info: Redefining portuges shorthand "|
(babel)             in language  on input line 383.
[91 <./figuras/cap-comb-dist-ozonio.pdf>]
Overfull \hbox (2.98842pt too wide) in paragraph at lines 390--390
 []|\T1/cmr/m/n/10.95 RMSE| 
 []

<figuras/cap-comb-max-diaria-pred-obs-plot.pdf, id=2449, 433.62pt x 289.08pt>
File: figuras/cap-comb-max-diaria-pred-obs-plot.pdf Graphic file (type pdf)
<use figuras/cap-comb-max-diaria-pred-obs-plot.pdf>
Package pdftex.def Info: figuras/cap-comb-max-diaria-pred-obs-plot.pdf  used on
 input line 403.
(pdftex.def)             Requested size: 327.83136pt x 218.56503pt.

LaTeX Warning: `!h' float specifier changed to `!ht'.

Package babel Info: Redefining portuges shorthand "|
(babel)             in language  on input line 410.
Package babel Info: Redefining portuges shorthand "|
(babel)             in language  on input line 415.
Package babel Info: Redefining portuges shorthand "|
(babel)             in language  on input line 415.
[92 <./figuras/cap-comb-lin-reg-transfor-pred-obs-plot.pdf>]
Package babel Info: Redefining portuges shorthand "|
(babel)             in language  on input line 429.
Package babel Info: Redefining portuges shorthand "|
(babel)             in language  on input line 429.
 [93 <./figuras/cap-comb-max-diaria-pred-obs-plot.pdf>]
Package babel Info: Redefining portuges shorthand "|
(babel)             in language  on input line 465.
Package babel Info: Redefining portuges shorthand "|
(babel)             in language  on input line 468.
Package babel Info: Redefining portuges shorthand "|
(babel)             in language  on input line 468.
 [94]) (./caps/cap-poluicao-e-saude.tex
Package babel Info: Redefining portuges shorthand "|
(babel)             in language  on input line 2.
Package babel Info: Redefining portuges shorthand "|
(babel)             in language  on input line 2.

[95]
Package babel Info: Redefining portuges shorthand "|
(babel)             in language  on input line 2.
Package babel Info: Redefining portuges shorthand "|
(babel)             in language  on input line 2.
 [96

]
Cap\'{\i }tulo 6.
Package babel Info: Redefining portuges shorthand "|
(babel)             in language  on input line 2.
Package babel Info: Redefining portuges shorthand "|
(babel)             in language  on input line 10.
Package babel Info: Redefining portuges shorthand "|
(babel)             in language  on input line 10.
[97]
Package babel Info: Redefining portuges shorthand "|
(babel)             in language  on input line 13.
Package babel Info: Redefining portuges shorthand "|
(babel)             in language  on input line 25.
Package babel Info: Redefining portuges shorthand "|
(babel)             in language  on input line 28.
Package babel Info: Redefining portuges shorthand "|
(babel)             in language  on input line 28.
 [98]
<figuras/cap-mort-res-plot-glm.pdf, id=2544, 433.62pt x 289.08pt>
File: figuras/cap-mort-res-plot-glm.pdf Graphic file (type pdf)
<use figuras/cap-mort-res-plot-glm.pdf>
Package pdftex.def Info: figuras/cap-mort-res-plot-glm.pdf  used on input line 
49.
(pdftex.def)             Requested size: 327.83136pt x 218.56503pt.
Package babel Info: Redefining portuges shorthand "|
(babel)             in language  on input line 58.
Package babel Info: Redefining portuges shorthand "|
(babel)             in language  on input line 58.
 [99 <./figuras/cap-mort-res-plot-glm.pdf>]
Package babel Info: Redefining portuges shorthand "|
(babel)             in language  on input line 58.
<figuras/cap-mort-gam-plot-poisson.pdf, id=2559, 361.35pt x 361.35pt>
File: figuras/cap-mort-gam-plot-poisson.pdf Graphic file (type pdf)
<use figuras/cap-mort-gam-plot-poisson.pdf>
Package pdftex.def Info: figuras/cap-mort-gam-plot-poisson.pdf  used on input l
ine 82.
(pdftex.def)             Requested size: 327.83136pt x 327.83102pt.


LaTeX Warning: `!h' float specifier changed to `!ht'.

<figuras/cap-mort-boxplot-share.pdf, id=2560, 433.62pt x 289.08pt>
File: figuras/cap-mort-boxplot-share.pdf Graphic file (type pdf)
<use figuras/cap-mort-boxplot-share.pdf>
Package pdftex.def Info: figuras/cap-mort-boxplot-share.pdf  used on input line
 89.
(pdftex.def)             Requested size: 327.83136pt x 218.56503pt.

LaTeX Warning: `!h' float specifier changed to `!ht'.

Package babel Info: Redefining portuges shorthand "|
(babel)             in language  on input line 96.
Package babel Info: Redefining portuges shorthand "|
(babel)             in language  on input line 103.
Package babel Info: Redefining portuges shorthand "|
(babel)             in language  on input line 103.
[100]
Package babel Info: Redefining portuges shorthand "|
(babel)             in language  on input line 104.
Package babel Info: Redefining portuges shorthand "|
(babel)             in language  on input line 104.
 [101 <./figuras/cap-mort-gam-plot-poisson.pdf> <./figuras/cap-mort-boxplot-sha
re.pdf>]
Package babel Info: Redefining portuges shorthand "|
(babel)             in language  on input line 126.

Overfull \hbox (1.00423pt too wide) in paragraph at lines 139--139
[]|\T1/cmr/m/n/10.95 Idosos|  
 []

Package babel Info: Redefining portuges shorthand "|
(babel)             in language  on input line 152.
Package babel Info: Redefining portuges shorthand "|
(babel)             in language  on input line 152.
[102]
Package babel Info: Redefining portuges shorthand "|
(babel)             in language  on input line 153.
<figuras/cap-mort-gam-plot-poisson-ozonio.pdf, id=2595, 578.16pt x 289.08pt>
File: figuras/cap-mort-gam-plot-poisson-ozonio.pdf Graphic file (type pdf)
<use figuras/cap-mort-gam-plot-poisson-ozonio.pdf>
Package pdftex.def Info: figuras/cap-mort-gam-plot-poisson-ozonio.pdf  used on 
input line 183.
(pdftex.def)             Requested size: 327.83136pt x 163.91275pt.
Package babel Info: Redefining portuges shorthand "|
(babel)             in language  on input line 189.
Package babel Info: Redefining portuges shorthand "|
(babel)             in language  on input line 189.
 [103 <./figuras/cap-mort-gam-plot-poisson-ozonio.pdf>])
(./caps/cap-coletando-dados.tex
Package babel Info: Redefining portuges shorthand "|
(babel)             in language  on input line 2.
Package babel Info: Redefining portuges shorthand "|
(babel)             in language  on input line 2.
 [104]
Cap\'{\i }tulo 7.
Package babel Info: Redefining portuges shorthand "|
(babel)             in language  on input line 2.
Package babel Info: Redefining portuges shorthand "|
(babel)             in language  on input line 27.
Package babel Info: Redefining portuges shorthand "|
(babel)             in language  on input line 30.
Package babel Info: Redefining portuges shorthand "|
(babel)             in language  on input line 30.
[105

]
<figuras/cap-webscraping-cycle.png, id=2617, 877.2775pt x 362.35374pt>
File: figuras/cap-webscraping-cycle.png Graphic file (type png)
<use figuras/cap-webscraping-cycle.png>
Package pdftex.def Info: figuras/cap-webscraping-cycle.png  used on input line 
37.
(pdftex.def)             Requested size: 327.83136pt x 135.41234pt.
Package babel Info: Redefining portuges shorthand "|
(babel)             in language  on input line 59.
Package babel Info: Redefining portuges shorthand "|
(babel)             in language  on input line 59.
 [106 <./figuras/cap-webscraping-cycle.png>]
Package babel Info: Redefining portuges shorthand "|
(babel)             in language  on input line 77.
<figuras/cap-webscraping-mapa-iema.png, id=2628, 458.71375pt x 430.60875pt>
File: figuras/cap-webscraping-mapa-iema.png Graphic file (type png)
<use figuras/cap-webscraping-mapa-iema.png>
Package pdftex.def Info: figuras/cap-webscraping-mapa-iema.png  used on input l
ine 88.
(pdftex.def)             Requested size: 327.83136pt x 307.75807pt.


LaTeX Warning: `!h' float specifier changed to `!ht'.

Package babel Info: Redefining portuges shorthand "|
(babel)             in language  on input line 94.
Package babel Info: Redefining portuges shorthand "|
(babel)             in language  on input line 94.
[107]
Package babel Info: Redefining portuges shorthand "|
(babel)             in language  on input line 99.
Package babel Info: Redefining portuges shorthand "|
(babel)             in language  on input line 102.
Package babel Info: Redefining portuges shorthand "|
(babel)             in language  on input line 102.
 [108 <./figuras/cap-webscraping-mapa-iema.png>]
<figuras/cap-webscraping-airVisual.png, id=2649, 1173.38374pt x 397.485pt>
File: figuras/cap-webscraping-airVisual.png Graphic file (type png)
<use figuras/cap-webscraping-airVisual.png>
Package pdftex.def Info: figuras/cap-webscraping-airVisual.png  used on input l
ine 107.
(pdftex.def)             Requested size: 468.33257pt x 158.64546pt.
)
(./caps/cap-discussao.tex
Package babel Info: Redefining portuges shorthand "|
(babel)             in language  on input line 2.
Package babel Info: Redefining portuges shorthand "|
(babel)             in language  on input line 2.
 [109 <./figuras/cap-webscraping-airVisual.png>]
Package babel Info: Redefining portuges shorthand "|
(babel)             in language  on input line 2.
Package babel Info: Redefining portuges shorthand "|
(babel)             in language  on input line 2.

[110

]
Cap\'{\i }tulo 8.
Package babel Info: Redefining portuges shorthand "|
(babel)             in language  on input line 2.
)
Package babel Info: Redefining portuges shorthand "|
(babel)             in language  on input line 354.
Package babel Info: Redefining portuges shorthand "|
(babel)             in language  on input line 354.
 [111]
Package babel Info: Redefining portuges shorthand "|
(babel)             in language  on input line 354.
Package babel Info: Redefining portuges shorthand "|
(babel)             in language  on input line 354.
 [112

] (./tese.bbl (./tese.brf)
\tf@brf=\write8
\openout8 = `tese.brf'.

Package babel Info: Redefining portuges shorthand "|
(babel)             in language  on input line 1.
Package babel Info: Redefining portuges shorthand "|
(babel)             in language  on input line 109.
Package babel Info: Redefining portuges shorthand "|
(babel)             in language  on input line 109.
 [113

]
Package babel Info: Redefining portuges shorthand "|
(babel)             in language  on input line 235.
Package babel Info: Redefining portuges shorthand "|
(babel)             in language  on input line 235.
 [114]
Package babel Info: Redefining portuges shorthand "|
(babel)             in language  on input line 353.
Package babel Info: Redefining portuges shorthand "|
(babel)             in language  on input line 353.
 [115]
Package babel Info: Redefining portuges shorthand "|
(babel)             in language  on input line 477.
Package babel Info: Redefining portuges shorthand "|
(babel)             in language  on input line 477.
 [116]
Package babel Info: Redefining portuges shorthand "|
(babel)             in language  on input line 588.
Package babel Info: Redefining portuges shorthand "|
(babel)             in language  on input line 588.
 [117]
Package babel Info: Redefining portuges shorthand "|
(babel)             in language  on input line 713.
Package babel Info: Redefining portuges shorthand "|
(babel)             in language  on input line 713.
 [118])

Package natbib Warning: There were undefined citations.

Package atveryend Info: Empty hook `BeforeClearDocument' on input line 369.
Package babel Info: Redefining portuges shorthand "|
(babel)             in language  on input line 369.
Package babel Info: Redefining portuges shorthand "|
(babel)             in language  on input line 369.
[119]
Package atveryend Info: Empty hook `AfterLastShipout' on input line 369.
 (./tese.aux)
Package atveryend Info: Executing hook `AtVeryEndDocument' on input line 369.
Package atveryend Info: Executing hook `AtEndAfterFileList' on input line 369.
Package rerunfilecheck Info: File `tese.out' has not changed.
(rerunfilecheck)             Checksum: 29BFDBE7D3CCDFC98D42B2E0B44F44F6;6981.
Package rerunfilecheck Info: File `tese.brf' has not changed.
(rerunfilecheck)             Checksum: 0E1E4F79B068FFE0F6409978CF673213;10790.


LaTeX Warning: There were undefined references.

Package atveryend Info: Empty hook `AtVeryVeryEnd' on input line 369.
 ) 
Here is how much of TeX's memory you used:
 12708 strings out of 494903
 198915 string characters out of 6179960
 324412 words of memory out of 5000000
 15209 multiletter control sequences out of 15000+600000
 32768 words of font info for 79 fonts, out of 8000000 for 9000
 16 hyphenation exceptions out of 8191
 36i,13n,46p,2107b,635s stack positions out of 5000i,500n,10000p,200000b,80000s
 </home/william/.texlive2017/texmf-var/fonts/pk/ljfour/jknappen/ec/ecbx0900.6
00pk> </home/william/.texlive2017/texmf-var/fonts/pk/ljfour/jknappen/ec/ecti144
0.600pk> </home/william/.texlive2017/texmf-var/fonts/pk/ljfour/jknappen/ec/ecbi
1095.600pk> </home/william/.texlive2017/texmf-var/fonts/pk/ljfour/jknappen/ec/e
cti1000.600pk> </home/william/.texlive2017/texmf-var/fonts/pk/ljfour/jknappen/e
c/ecbx1000.600pk> </home/william/.texlive2017/texmf-var/fonts/pk/ljfour/jknappe
n/ec/ecti0900.600pk> </home/william/.texlive2017/texmf-var/fonts/pk/ljfour/jkna
ppen/ec/ecbx1200.600pk>{/usr/share/texlive/texmf-dist/fonts/enc/dvips/base/8r.e
nc} </home/william/.texlive2017/texmf-var/fonts/pk/ljfour/jknappen/ec/ecrm0600.
600pk> </home/william/.texlive2017/texmf-var/fonts/pk/ljfour/jknappen/ec/ecrm08
00.600pk> </home/william/.texlive2017/texmf-var/fonts/pk/ljfour/jknappen/ec/ecb
x2074.600pk> </home/william/.texlive2017/texmf-var/fonts/pk/ljfour/jknappen/ec/
ecti1095.600pk> </home/william/.texlive2017/texmf-var/fonts/pk/ljfour/jknappen/
ec/ecrm0900.600pk> </home/william/.texlive2017/texmf-var/fonts/pk/ljfour/jknapp
en/ec/ecbx1095.600pk> </home/william/.texlive2017/texmf-var/fonts/pk/ljfour/jkn
appen/ec/ecbx2488.600pk> </home/william/.texlive2017/texmf-var/fonts/pk/ljfour/
jknappen/ec/ecrm1095.600pk> </home/william/.texlive2017/texmf-var/fonts/pk/ljfo
ur/jknappen/ec/eccc1440.600pk> </home/william/.texlive2017/texmf-var/fonts/pk/l
jfour/jknappen/ec/ecrm1440.600pk> </home/william/.texlive2017/texmf-var/fonts/p
k/ljfour/jknappen/ec/ecbx1440.600pk></usr/share/texlive/texmf-dist/fonts/type1/
public/amsfonts/cm/cmbx10.pfb></usr/share/texlive/texmf-dist/fonts/type1/public
/amsfonts/cm/cmbx6.pfb></usr/share/texlive/texmf-dist/fonts/type1/public/amsfon
ts/cm/cmbx9.pfb></usr/share/texlive/texmf-dist/fonts/type1/public/amsfonts/cm/c
mex10.pfb></usr/share/texlive/texmf-dist/fonts/type1/public/amsfonts/cm/cmmi10.
pfb></usr/share/texlive/texmf-dist/fonts/type1/public/amsfonts/cm/cmmi6.pfb></u
sr/share/texlive/texmf-dist/fonts/type1/public/amsfonts/cm/cmmi7.pfb></usr/shar
e/texlive/texmf-dist/fonts/type1/public/amsfonts/cm/cmmi8.pfb></usr/share/texli
ve/texmf-dist/fonts/type1/public/amsfonts/cm/cmmi9.pfb></usr/share/texlive/texm
f-dist/fonts/type1/public/amsfonts/cm/cmmib10.pfb></usr/share/texlive/texmf-dis
t/fonts/type1/public/amsfonts/cm/cmr10.pfb></usr/share/texlive/texmf-dist/fonts
/type1/public/amsfonts/cm/cmr6.pfb></usr/share/texlive/texmf-dist/fonts/type1/p
ublic/amsfonts/cm/cmr8.pfb></usr/share/texlive/texmf-dist/fonts/type1/public/am
sfonts/cm/cmr9.pfb></usr/share/texlive/texmf-dist/fonts/type1/public/amsfonts/c
m/cmsy10.pfb></usr/share/texlive/texmf-dist/fonts/type1/public/amsfonts/cm/cmsy
6.pfb></usr/share/texlive/texmf-dist/fonts/type1/public/amsfonts/cm/cmsy8.pfb><
/usr/share/texlive/texmf-dist/fonts/type1/public/amsfonts/cm/cmsy9.pfb></usr/sh
are/texlive/texmf-dist/fonts/type1/urw/courier/ucrr8a.pfb>
Output written on tese.pdf (139 pages, 5118199 bytes).
PDF statistics:
 3924 PDF objects out of 4296 (max. 8388607)
 2808 compressed objects within 29 object streams
 525 named destinations out of 1000 (max. 500000)
 1054 words of extra memory for PDF output out of 10000 (max. 10000000)

