\BOOKMARK [0][]{chapter*.5}{Lista de Figuras}{}% 1
\BOOKMARK [0][]{chapter*.6}{Lista de Tabelas}{}% 2
\BOOKMARK [0][]{chapter.1}{Introdu\347\343o}{}% 3
\BOOKMARK [0][]{chapter.2}{An\341lise explorat\363ria}{}% 4
\BOOKMARK [1][]{section.2.1}{Gr\341ficos}{chapter.2}% 5
\BOOKMARK [2][]{subsection.2.1.1}{O gr\341fico da s\351rie}{section.2.1}% 6
\BOOKMARK [2][]{subsection.2.1.2}{Gr\341ficos de dispers\343o}{section.2.1}% 7
\BOOKMARK [2][]{subsection.2.1.3}{Gr\341ficos de distribui\347\343o}{section.2.1}% 8
\BOOKMARK [1][]{section.2.2}{Componentes temporais}{chapter.2}% 9
\BOOKMARK [2][]{subsection.2.2.1}{Tend\352ncia}{section.2.2}% 10
\BOOKMARK [2][]{subsection.2.2.2}{Sazonalidade}{section.2.2}% 11
\BOOKMARK [2][]{subsection.2.2.3}{Autocorrela\347\343o}{section.2.2}% 12
\BOOKMARK [2][]{subsection.2.2.4}{Fun\347\343o de correla\347\343o cruzada}{section.2.2}% 13
\BOOKMARK [1][]{section.2.3}{Visualizando dados de polui\347\343o durante a greve de caminhoneiros}{chapter.2}% 14
\BOOKMARK [0][]{chapter.3}{Estrat\351gias usuais de modelagem}{}% 15
\BOOKMARK [1][]{section.3.1}{Regress\343o linear}{chapter.3}% 16
\BOOKMARK [2][]{subsection.3.1.1}{Especifica\347\343o do modelo}{section.3.1}% 17
\BOOKMARK [2][]{subsection.3.1.2}{Incorporando tend\352ncia e sazonalidade}{section.3.1}% 18
\BOOKMARK [2][]{subsection.3.1.3}{Tratando erros correlacionados}{section.3.1}% 19
\BOOKMARK [2][]{subsection.3.1.4}{Contornado a suposi\347\343o de homoscedasticidade}{section.3.1}% 20
\BOOKMARK [2][]{subsection.3.1.5}{Contornado a suposi\347\343o de linearidade}{section.3.1}% 21
\BOOKMARK [2][]{subsection.3.1.6}{Contornado a suposi\347\343o de aditividade}{section.3.1}% 22
\BOOKMARK [2][]{subsection.3.1.7}{Avaliando a qualidade do ajuste}{section.3.1}% 23
\BOOKMARK [1][]{section.3.2}{Modelos lineares generalizados}{chapter.3}% 24
\BOOKMARK [2][]{subsection.3.2.1}{Especifica\347\343o do modelo}{section.3.2}% 25
\BOOKMARK [2][]{subsection.3.2.2}{Modelos para dados positivos assim\351tricos}{section.3.2}% 26
\BOOKMARK [2][]{subsection.3.2.3}{Modelos para dados de contagem}{section.3.2}% 27
\BOOKMARK [1][]{section.3.3}{Modelos aditivos generalizados}{chapter.3}% 28
\BOOKMARK [2][]{subsection.3.3.1}{Especifica\347\343o do modelo}{section.3.3}% 29
\BOOKMARK [2][]{subsection.3.3.2}{Splines e regress\343o local}{section.3.3}% 30
\BOOKMARK [1][]{section.3.4}{S\351ries temporais}{chapter.3}% 31
\BOOKMARK [2][]{subsection.3.4.1}{Modelos autorregressivos \(AR\)}{section.3.4}% 32
\BOOKMARK [2][]{subsection.3.4.2}{Modelos autorregressivos e de m\351dias m\363veis \(ARMA\)}{section.3.4}% 33
\BOOKMARK [2][]{subsection.3.4.3}{Modelos autorregressivos integrados e de m\351dias m\363veis \(ARIMA\)}{section.3.4}% 34
\BOOKMARK [1][]{section.3.5}{Outros modelos}{chapter.3}% 35
\BOOKMARK [2][]{subsection.3.5.1}{Modelos GARCH}{section.3.5}% 36
\BOOKMARK [2][]{subsection.3.5.2}{Modelos din\342micos}{section.3.5}% 37
\BOOKMARK [0][]{chapter.4}{Estrat\351gias de modelagem preditiva}{}% 38
\BOOKMARK [1][]{section.4.1}{Sobreajuste e o balan\347o entre vi\351s e vari\342ncia}{chapter.4}% 39
\BOOKMARK [1][]{section.4.2}{Estimando a performance do modelo}{chapter.4}% 40
\BOOKMARK [1][]{section.4.3}{M\351todos de reamostragem}{chapter.4}% 41
\BOOKMARK [2][]{subsection.4.3.1}{Valida\347\343o cruzada}{section.4.3}% 42
\BOOKMARK [2][]{subsection.4.3.2}{Bootstrapping}{section.4.3}% 43
\BOOKMARK [1][]{section.4.4}{Sele\347\343o de vari\341veis}{chapter.4}% 44
\BOOKMARK [2][]{subsection.4.4.1}{Selecionando o melhor subconjunto de preditores}{section.4.4}% 45
\BOOKMARK [2][]{subsection.4.4.2}{Stepwise}{section.4.4}% 46
\BOOKMARK [1][]{section.4.5}{Regulariza\347\343o}{chapter.4}% 47
\BOOKMARK [1][]{section.4.6}{Quantificando a import\342ncia dos preditores}{chapter.4}% 48
\BOOKMARK [1][]{section.4.7}{Modelos de \341rvores}{chapter.4}% 49
\BOOKMARK [2][]{subsection.4.7.1}{\301rvores de decis\343o}{section.4.7}% 50
\BOOKMARK [2][]{subsection.4.7.2}{Random Forests}{section.4.7}% 51
\BOOKMARK [2][]{subsection.4.7.3}{XGBoosting}{section.4.7}% 52
\BOOKMARK [0][]{chapter.5}{Polui\347\343o e uso de combust\355veis}{}% 53
\BOOKMARK [1][]{section.5.1}{Etanol e oz\364nio}{chapter.5}% 54
\BOOKMARK [1][]{section.5.2}{Dimensionando a an\341lise}{chapter.5}% 55
\BOOKMARK [1][]{section.5.3}{An\341lise explorat\363ria}{chapter.5}% 56
\BOOKMARK [1][]{section.5.4}{A an\341lise conduzida por Salvo2017}{chapter.5}% 57
\BOOKMARK [1][]{section.5.5}{Ajustando outros modelos}{chapter.5}% 58
\BOOKMARK [2][]{subsection.5.5.1}{Modelos aditivos generalizados}{section.5.5}% 59
\BOOKMARK [2][]{subsection.5.5.2}{Modelo de regress\343o segmentada}{section.5.5}% 60
\BOOKMARK [2][]{subsection.5.5.3}{Random Forest}{section.5.5}% 61
\BOOKMARK [2][]{subsection.5.5.4}{XGBoosting}{section.5.5}% 62
\BOOKMARK [1][]{section.5.6}{Outras estrat\351gias de an\341lise}{chapter.5}% 63
\BOOKMARK [2][]{subsection.5.6.1}{Sele\347\343o de vari\341veis}{section.5.6}% 64
\BOOKMARK [2][]{subsection.5.6.2}{Transformando a vari\341vel resposta}{section.5.6}% 65
\BOOKMARK [2][]{subsection.5.6.3}{Ajustando a m\341xima di\341ria}{section.5.6}% 66
\BOOKMARK [2][]{subsection.5.6.4}{Ajustando cada esta\347\343o separadamente}{section.5.6}% 67
\BOOKMARK [1][]{section.5.7}{Coment\341rios}{chapter.5}% 68
\BOOKMARK [0][]{chapter.6}{Polui\347\343o e sa\372de p\372blica}{}% 69
\BOOKMARK [1][]{section.6.1}{Etanol, oz\364nio e mortalidade}{chapter.6}% 70
\BOOKMARK [2][]{subsection.6.1.1}{Modelo linear Poisson}{section.6.1}% 71
\BOOKMARK [2][]{subsection.6.1.2}{Modelo aditivo Poisson}{section.6.1}% 72
\BOOKMARK [2][]{subsection.6.1.3}{Modelo ARIMA e regress\343o linear}{section.6.1}% 73
\BOOKMARK [2][]{subsection.6.1.4}{Outras an\341lises realizadas}{section.6.1}% 74
\BOOKMARK [2][]{subsection.6.1.5}{Associando mortalidade e concentra\347\343o de oz\364nio}{section.6.1}% 75
\BOOKMARK [0][]{chapter.7}{Obtendo dados de polui\347\343o}{}% 76
\BOOKMARK [1][]{section.7.1}{Web scraping}{chapter.7}% 77
\BOOKMARK [1][]{section.7.2}{Dados no Brasil}{chapter.7}% 78
\BOOKMARK [1][]{section.7.3}{Dados em outros pa\355ses}{chapter.7}% 79
\BOOKMARK [0][]{chapter.8}{Discuss\343o}{}% 80
\BOOKMARK [0][]{appendix*.90}{Refer\352ncias Bibliogr\341ficas}{}% 81
